#
# There is insufficient memory for the Java Runtime Environment to continue.
# Native memory allocation (malloc) failed to allocate 166461440 bytes for committing reserved memory.
# Possible reasons:
#   The system is out of physical RAM or swap space
#   In 32 bit mode, the process size limit was hit
# Possible solutions:
#   Reduce memory load on the system
#   Increase physical memory or swap space
#   Check if swap backing store is full
#   Use 64 bit Java on a 64 bit OS
#   Decrease Java heap size (-Xmx/-Xms)
#   Decrease number of Java threads
#   Decrease Java thread stack sizes (-Xss)
#   Set larger code cache with -XX:ReservedCodeCacheSize=
# This output file may be truncated or incomplete.
#
#  Out of Memory Error (os_linux.cpp:2745), pid=5385, tid=185436992
#
# JRE version: Java(TM) SE Runtime Environment (7.0_65-b17) (build 1.7.0_65-b17)
# Java VM: Java HotSpot(TM) Server VM (24.65-b04 mixed mode linux-x86 )
# Failed to write core dump. Core dumps have been disabled. To enable core dumping, try "ulimit -c unlimited" before starting Java again
#

---------------  T H R E A D  ---------------

Current thread (0x0af81400):  VMThread [stack: 0x0b058000,0x0b0d9000] [id=5396]

Stack: [0x0b058000,0x0b0d9000],  sp=0x0b0d7860,  free space=510k
Native frames: (J=compiled Java code, j=interpreted, Vv=VM code, C=native code)
V  [libjvm.so+0x7e6b76]  VMError::report_and_die()+0x1a6
V  [libjvm.so+0x33d852]  report_vm_out_of_memory(char const*, int, unsigned int, char const*)+0x72
V  [libjvm.so+0x684cf1]  os::Linux::commit_memory_impl(char*, unsigned int, bool)+0xe1
V  [libjvm.so+0x6851b8]  os::pd_commit_memory(char*, unsigned int, unsigned int, bool)+0x28
V  [libjvm.so+0x67e92c]  os::commit_memory(char*, unsigned int, unsigned int, bool)+0x2c
V  [libjvm.so+0x6e8518]  PSVirtualSpace::expand_by(unsigned int)+0x48
V  [libjvm.so+0x6da961]  PSOldGen::expand(unsigned int)+0x141
V  [libjvm.so+0x6daa2f]  PSOldGen::resize(unsigned int)+0x8f
V  [libjvm.so+0x6e1636]  PSParallelCompact::invoke_no_policy(bool)+0x8b6
V  [libjvm.so+0x6e6c2d]  PSScavenge::invoke()+0x16d
V  [libjvm.so+0x6a491a]  ParallelScavengeHeap::failed_mem_allocate(unsigned int)+0x5a
V  [libjvm.so+0x7e840a]  VM_ParallelGCFailedAllocation::doit()+0x7a
V  [libjvm.so+0x7f1227]  VM_Operation::evaluate()+0x47
V  [libjvm.so+0x7ef2c3]  VMThread::evaluate_operation(VM_Operation*)+0xb3
V  [libjvm.so+0x7ef660]  VMThread::loop()+0x1b0
V  [libjvm.so+0x7efac5]  VMThread::run()+0x85
V  [libjvm.so+0x686fc9]  java_start(Thread*)+0x119
C  [libpthread.so.0+0x6f70]  start_thread+0xd0

VM_Operation (0xb67d5e04): ParallelGCFailedAllocation, mode: safepoint, requested by thread 0xb6607400


---------------  P R O C E S S  ---------------

Java Threads: ( => current thread )
  0x0afa2800 JavaThread "Service Thread" daemon [_thread_blocked, id=5402, stack(0x0a90b000,0x0a95c000)]
  0x0afa0c00 JavaThread "C2 CompilerThread1" daemon [_thread_blocked, id=5401, stack(0x0a95c000,0x0a9dd000)]
  0x0af9ec00 JavaThread "C2 CompilerThread0" daemon [_thread_blocked, id=5400, stack(0x0a9dd000,0x0aa5e000)]
  0x0af9d400 JavaThread "Signal Dispatcher" daemon [_thread_blocked, id=5399, stack(0x0aa5e000,0x0aaaf000)]
  0x0af85800 JavaThread "Finalizer" daemon [_thread_blocked, id=5398, stack(0x0acaf000,0x0ad00000)]
  0x0af83c00 JavaThread "Reference Handler" daemon [_thread_blocked, id=5397, stack(0x0b007000,0x0b058000)]
  0xb6607400 JavaThread "main" [_thread_blocked, id=5391, stack(0xb6786000,0xb67d7000)]

Other Threads:
=>0x0af81400 VMThread [stack: 0x0b058000,0x0b0d9000] [id=5396]
  0x0afa4800 WatcherThread [stack: 0x0a88a000,0x0a90b000] [id=5403]

VM state:at safepoint (normal execution)

VM Mutex/Monitor currently owned by a thread:  ([mutex/lock_event])
[0xb6604828] ExpandHeap_lock - owner thread: 0x0af81400
[0xb6604d70] Threads_lock - owner thread: 0x0af81400
[0xb6605180] Heap_lock - owner thread: 0xb6607400

Heap
 PSYoungGen      total 644864K, used 0K [0x7d240000, 0xb3500000, 0xb3500000)
  eden space 399872K, 0% used [0x7d240000,0x7d240000,0x958c0000)
  from space 244992K, 0% used [0xa45c0000,0xa45c0000,0xb3500000)
  to   space 242688K, 0% used [0x958c0000,0x958c0000,0xa45c0000)
 ParOldGen       total 1018368K, used 383140K [0x10d00000, 0x4ef80000, 0x7d240000)
  object space 1018368K, 37% used [0x10d00000,0x28329090,0x4ef80000)
 PSPermGen       total 16384K, used 1898K [0x0cd00000, 0x0dd00000, 0x10d00000)
  object space 16384K, 11% used [0x0cd00000,0x0cedab48,0x0dd00000)

Card table byte_map: [0x0c7cb000,0x0cd00000] byte_map_base: 0x0c764800

Polling page: 0xb7717000

Code Cache  [0xb35e8000, 0xb3828000, 0xb65e8000)
 total_blobs=257 nmethods=143 adapters=68 free_code_cache=48554Kb largest_free_block=49696128

Compilation events (10 events):
Event: 18.220 Thread 0x0afa0c00 nmethod 135 0xb3677488 code [0xb3677580, 0xb36775fc]
Event: 18.220 Thread 0x0afa0c00  140             java.io.InputStreamReader::read (11 bytes)
Event: 18.225 Thread 0x0afa0c00 nmethod 140 0xb3678288 code [0xb3678400, 0xb3678a10]
Event: 18.225 Thread 0x0afa0c00  141   !         sun.nio.cs.StreamDecoder::read (196 bytes)
Event: 18.229 Thread 0x0afa0c00 nmethod 141 0xb3677848 code [0xb36779c0, 0xb3677fb0]
Event: 18.229 Thread 0x0afa0c00  142             sun.nio.cs.StreamDecoder::ensureOpen (18 bytes)
Event: 18.229 Thread 0x0afa0c00 nmethod 142 0xb3677688 code [0xb3677780, 0xb36777d0]
Event: 18.229 Thread 0x0afa0c00  143             java.nio.HeapByteBuffer::compact (52 bytes)
Event: 18.231 Thread 0x0afa0c00 nmethod 143 0xb3674e88 code [0xb3674f80, 0xb36750b0]
Event: 18.242 Thread 0x0af9ec00 nmethod 139 0xb3681608 code [0xb3681820, 0xb368284c]

GC Heap History (10 events):
Event: 2.466 GC heap after
Heap after GC invocations=4 (full 0):
 PSYoungGen      total 547072K, used 21758K [0x7d240000, 0x9fdc0000, 0xb3500000)
  eden space 525312K, 0% used [0x7d240000,0x7d240000,0x9d340000)
  from space 21760K, 99% used [0x9e880000,0x9fdbf810,0x9fdc0000)
  to   space 21760K, 0% used [0x9d340000,0x9d340000,0x9e880000)
 ParOldGen       total 349696K, used 313235K [0x10d00000, 0x26280000, 0x7d240000)
  object space 349696K, 89% used [0x10d00000,0x23ee4d90,0x26280000)
 PSPermGen       total 16384K, used 1897K [0x0cd00000, 0x0dd00000, 0x10d00000)
  object space 16384K, 11% used [0x0cd00000,0x0ceda698,0x0dd00000)
}
Event: 2.466 GC heap before
{Heap before GC invocations=5 (full 1):
 PSYoungGen      total 547072K, used 21758K [0x7d240000, 0x9fdc0000, 0xb3500000)
  eden space 525312K, 0% used [0x7d240000,0x7d240000,0x9d340000)
  from space 21760K, 99% used [0x9e880000,0x9fdbf810,0x9fdc0000)
  to   space 21760K, 0% used [0x9d340000,0x9d340000,0x9e880000)
 ParOldGen       total 349696K, used 313235K [0x10d00000, 0x26280000, 0x7d240000)
  object space 349696K, 89% used [0x10d00000,0x23ee4d90,0x26280000)
 PSPermGen       total 16384K, used 1897K [0x0cd00000, 0x0dd00000, 0x10d00000)
  object space 16384K, 11% used [0x0cd00000,0x0ceda698,0x0dd00000)
Event: 3.268 GC heap after
Heap after GC invocations=5 (full 1):
 PSYoungGen      total 547072K, used 0K [0x7d240000, 0x9fdc0000, 0xb3500000)
  eden space 525312K, 0% used [0x7d240000,0x7d240000,0x9d340000)
  from space 21760K, 0% used [0x9e880000,0x9e880000,0x9fdc0000)
  to   space 21760K, 0% used [0x9d340000,0x9d340000,0x9e880000)
 ParOldGen       total 513536K, used 174440K [0x10d00000, 0x30280000, 0x7d240000)
  object space 513536K, 33% used [0x10d00000,0x1b75a118,0x30280000)
 PSPermGen       total 16384K, used 1896K [0x0cd00000, 0x0dd00000, 0x10d00000)
  object space 16384K, 11% used [0x0cd00000,0x0ceda2b0,0x0dd00000)
}
Event: 13.715 GC heap before
{Heap before GC invocations=6 (full 1):
 PSYoungGen      total 547072K, used 525312K [0x7d240000, 0x9fdc0000, 0xb3500000)
  eden space 525312K, 100% used [0x7d240000,0x9d340000,0x9d340000)
  from space 21760K, 0% used [0x9e880000,0x9e880000,0x9fdc0000)
  to   space 21760K, 0% used [0x9d340000,0x9d340000,0x9e880000)
 ParOldGen       total 513536K, used 174440K [0x10d00000, 0x30280000, 0x7d240000)
  object space 513536K, 33% used [0x10d00000,0x1b75a118,0x30280000)
 PSPermGen       total 16384K, used 1898K [0x0cd00000, 0x0dd00000, 0x10d00000)
  object space 16384K, 11% used [0x0cd00000,0x0cedab68,0x0dd00000)
Event: 14.935 GC heap after
Heap after GC invocations=6 (full 1):
 PSYoungGen      total 547072K, used 21744K [0x7d240000, 0xb3500000, 0xb3500000)
  eden space 525312K, 0% used [0x7d240000,0x7d240000,0x9d340000)
  from space 21760K, 99% used [0x9d340000,0x9e87c020,0x9e880000)
  to   space 244992K, 0% used [0xa45c0000,0xa45c0000,0xb3500000)
 ParOldGen       total 513536K, used 352257K [0x10d00000, 0x30280000, 0x7d240000)
  object space 513536K, 68% used [0x10d00000,0x26500430,0x30280000)
 PSPermGen       total 16384K, used 1898K [0x0cd00000, 0x0dd00000, 0x10d00000)
  object space 16384K, 11% used [0x0cd00000,0x0cedab68,0x0dd00000)
}
Event: 14.935 GC heap before
{Heap before GC invocations=7 (full 2):
 PSYoungGen      total 547072K, used 21744K [0x7d240000, 0xb3500000, 0xb3500000)
  eden space 525312K, 0% used [0x7d240000,0x7d240000,0x9d340000)
  from space 21760K, 99% used [0x9d340000,0x9e87c020,0x9e880000)
  to   space 244992K, 0% used [0xa45c0000,0xa45c0000,0xb3500000)
 ParOldGen       total 513536K, used 352257K [0x10d00000, 0x30280000, 0x7d240000)
  object space 513536K, 68% used [0x10d00000,0x26500430,0x30280000)
 PSPermGen       total 16384K, used 1898K [0x0cd00000, 0x0dd00000, 0x10d00000)
  object space 16384K, 11% used [0x0cd00000,0x0cedab68,0x0dd00000)
Event: 15.558 GC heap after
Heap after GC invocations=7 (full 2):
 PSYoungGen      total 547072K, used 0K [0x7d240000, 0xb3500000, 0xb3500000)
  eden space 525312K, 0% used [0x7d240000,0x7d240000,0x9d340000)
  from space 21760K, 0% used [0x9d340000,0x9d340000,0x9e880000)
  to   space 244992K, 0% used [0xa45c0000,0xa45c0000,0xb3500000)
 ParOldGen       total 709376K, used 228772K [0x10d00000, 0x3c1c0000, 0x7d240000)
  object space 709376K, 32% used [0x10d00000,0x1ec69058,0x3c1c0000)
 PSPermGen       total 16384K, used 1898K [0x0cd00000, 0x0dd00000, 0x10d00000)
  object space 16384K, 11% used [0x0cd00000,0x0cedab68,0x0dd00000)
}
Event: 18.868 GC heap before
{Heap before GC invocations=8 (full 2):
 PSYoungGen      total 547072K, used 445747K [0x7d240000, 0xb3500000, 0xb3500000)
  eden space 525312K, 84% used [0x7d240000,0x9858ce88,0x9d340000)
  from space 21760K, 0% used [0x9d340000,0x9d340000,0x9e880000)
  to   space 244992K, 0% used [0xa45c0000,0xa45c0000,0xb3500000)
 ParOldGen       total 709376K, used 228772K [0x10d00000, 0x3c1c0000, 0x7d240000)
  object space 709376K, 32% used [0x10d00000,0x1ec69058,0x3c1c0000)
 PSPermGen       total 16384K, used 1898K [0x0cd00000, 0x0dd00000, 0x10d00000)
  object space 16384K, 11% used [0x0cd00000,0x0cedab68,0x0dd00000)
Event: 58.940 GC heap after
Heap after GC invocations=8 (full 2):
 PSYoungGen      total 644864K, used 32K [0x7d240000, 0xb3500000, 0xb3500000)
  eden space 399872K, 0% used [0x7d240000,0x7d240000,0x958c0000)
  from space 244992K, 0% used [0xa45c0000,0xa45c8000,0xb3500000)
  to   space 242688K, 0% used [0x958c0000,0x958c0000,0xa45c0000)
 ParOldGen       total 1018368K, used 846244K [0x10d00000, 0x4ef80000, 0x7d240000)
  object space 1018368K, 83% used [0x10d00000,0x44769068,0x4ef80000)
 PSPermGen       total 16384K, used 1898K [0x0cd00000, 0x0dd00000, 0x10d00000)
  object space 16384K, 11% used [0x0cd00000,0x0cedab68,0x0dd00000)
}
Event: 58.940 GC heap before
{Heap before GC invocations=9 (full 3):
 PSYoungGen      total 644864K, used 32K [0x7d240000, 0xb3500000, 0xb3500000)
  eden space 399872K, 0% used [0x7d240000,0x7d240000,0x958c0000)
  from space 244992K, 0% used [0xa45c0000,0xa45c8000,0xb3500000)
  to   space 242688K, 0% used [0x958c0000,0x958c0000,0xa45c0000)
 ParOldGen       total 1018368K, used 846244K [0x10d00000, 0x4ef80000, 0x7d240000)
  object space 1018368K, 83% used [0x10d00000,0x44769068,0x4ef80000)
 PSPermGen       total 16384K, used 1898K [0x0cd00000, 0x0dd00000, 0x10d00000)
  object space 16384K, 11% used [0x0cd00000,0x0cedab68,0x0dd00000)

Deoptimization events (10 events):
Event: 1.523 Thread 0xb6607400 Uncommon trap: reason=unreached action=reinterpret pc=0xb3644ec4 method=java.util.LinkedList.unlinkFirst(Ljava/util/LinkedList$Node;)Ljava/lang/Object; @ 26
Event: 1.524 Thread 0xb6607400 Uncommon trap: reason=class_check action=maybe_recompile pc=0xb363e174 method=java.util.HashMap.put(Ljava/lang/Object;Ljava/lang/Object;)Ljava/lang/Object; @ 137
Event: 1.524 Thread 0xb6607400 Uncommon trap: reason=class_check action=maybe_recompile pc=0xb3643f34 method=java.util.HashMap.addEntry(ILjava/lang/Object;Ljava/lang/Object;I)V @ 65
Event: 1.524 Thread 0xb6607400 Uncommon trap: reason=class_check action=maybe_recompile pc=0xb363e174 method=java.util.HashMap.put(Ljava/lang/Object;Ljava/lang/Object;)Ljava/lang/Object; @ 137
Event: 1.524 Thread 0xb6607400 Uncommon trap: reason=class_check action=maybe_recompile pc=0xb3643f34 method=java.util.HashMap.addEntry(ILjava/lang/Object;Ljava/lang/Object;I)V @ 65
Event: 1.524 Thread 0xb6607400 Uncommon trap: reason=class_check action=maybe_recompile pc=0xb363e174 method=java.util.HashMap.put(Ljava/lang/Object;Ljava/lang/Object;)Ljava/lang/Object; @ 137
Event: 1.524 Thread 0xb6607400 Uncommon trap: reason=class_check action=maybe_recompile pc=0xb3643f34 method=java.util.HashMap.addEntry(ILjava/lang/Object;Ljava/lang/Object;I)V @ 65
Event: 1.524 Thread 0xb6607400 Uncommon trap: reason=class_check action=maybe_recompile pc=0xb363e174 method=java.util.HashMap.put(Ljava/lang/Object;Ljava/lang/Object;)Ljava/lang/Object; @ 137
Event: 1.524 Thread 0xb6607400 Uncommon trap: reason=class_check action=maybe_recompile pc=0xb3643f34 method=java.util.HashMap.addEntry(ILjava/lang/Object;Ljava/lang/Object;I)V @ 65
Event: 4.179 Thread 0xb6607400 Uncommon trap: reason=unreached action=reinterpret pc=0xb36494b8 method=java.lang.String.equals(Ljava/lang/Object;)Z @ 2

Internal exceptions (10 events):
Event: 0.535 Thread 0xb6607400 Threw 0x80d29c60 at /HUDSON/workspace/7u-2-build-linux-i586/jdk7u65/1224/hotspot/src/share/vm/prims/jvm.cpp:1244
Event: 0.537 Thread 0xb6607400 Threw 0x80d30580 at /HUDSON/workspace/7u-2-build-linux-i586/jdk7u65/1224/hotspot/src/share/vm/prims/jvm.cpp:1244
Event: 0.551 Thread 0xb6607400 Threw 0x80d63c20 at /HUDSON/workspace/7u-2-build-linux-i586/jdk7u65/1224/hotspot/src/share/vm/prims/jvm.cpp:1244
Event: 0.560 Thread 0xb6607400 Threw 0x80d66bc0 at /HUDSON/workspace/7u-2-build-linux-i586/jdk7u65/1224/hotspot/src/share/vm/prims/jvm.cpp:1244
Event: 0.561 Thread 0xb6607400 Threw 0x80d69b10 at /HUDSON/workspace/7u-2-build-linux-i586/jdk7u65/1224/hotspot/src/share/vm/prims/jvm.cpp:1244
Event: 0.561 Thread 0xb6607400 Threw 0x80d6bb80 at /HUDSON/workspace/7u-2-build-linux-i586/jdk7u65/1224/hotspot/src/share/vm/prims/jvm.cpp:1244
Event: 0.562 Thread 0xb6607400 Threw 0x80d6e058 at /HUDSON/workspace/7u-2-build-linux-i586/jdk7u65/1224/hotspot/src/share/vm/prims/jvm.cpp:1244
Event: 0.602 Thread 0xb6607400 Threw 0x80e89f88 at /HUDSON/workspace/7u-2-build-linux-i586/jdk7u65/1224/hotspot/src/share/vm/prims/jvm.cpp:1244
Event: 1.523 Thread 0xb6607400 Implicit null exception at 0xb364b329 to 0xb364c8f9
Event: 1.523 Thread 0xb6607400 Implicit null exception at 0xb3644e7d to 0xb3644ead

Events (10 events):
Event: 4.178 loading class 0x0c152278
Event: 4.179 loading class 0x0c152278 done
Event: 4.179 Thread 0xb6607400 Uncommon trap: trap_request=0xffffffad fr.pc=0xb36494b8
Event: 4.179 Thread 0xb6607400 DEOPT PACKING pc=0xb36494b8 sp=0xb67d5a50
Event: 4.179 Thread 0xb6607400 DEOPT UNPACKING pc=0xb3614bc8 sp=0xb67d5a2c mode 2
Event: 4.202 Executing VM operation: EnableBiasedLocking
Event: 4.202 Executing VM operation: EnableBiasedLocking done
Event: 13.715 Executing VM operation: ParallelGCFailedAllocation
Event: 15.558 Executing VM operation: ParallelGCFailedAllocation done
Event: 18.868 Executing VM operation: ParallelGCFailedAllocation


Dynamic libraries:
02d08000-08048000 rw-p 00000000 00:00 0 
08048000-08049000 r-xp 00000000 08:06 8786747    /usr/local/java/jdk1.7.0_65/bin/java
08049000-0804a000 rw-p 00000000 08:06 8786747    /usr/local/java/jdk1.7.0_65/bin/java
09103000-09124000 rw-p 00000000 00:00 0          [heap]
0a500000-0a5fe000 rw-p 00000000 00:00 0 
0a5fe000-0a600000 ---p 00000000 00:00 0 
0a600000-0a6f6000 rw-p 00000000 00:00 0 
0a6f6000-0a700000 ---p 00000000 00:00 0 
0a700000-0a7ca000 rw-p 00000000 00:00 0 
0a7ca000-0a800000 ---p 00000000 00:00 0 
0a88a000-0a88b000 ---p 00000000 00:00 0 
0a88b000-0a90b000 rw-p 00000000 00:00 0          [stack:5403]
0a90b000-0a90e000 ---p 00000000 00:00 0 
0a90e000-0a95c000 rw-p 00000000 00:00 0          [stack:5402]
0a95c000-0a95f000 ---p 00000000 00:00 0 
0a95f000-0a9dd000 rw-p 00000000 00:00 0          [stack:5401]
0a9dd000-0a9e0000 ---p 00000000 00:00 0 
0a9e0000-0aa5e000 rw-p 00000000 00:00 0          [stack:5400]
0aa5e000-0aa61000 ---p 00000000 00:00 0 
0aa61000-0aaaf000 rw-p 00000000 00:00 0          [stack:5399]
0aaaf000-0acaf000 r--p 00000000 08:06 8396945    /usr/lib/locale/locale-archive
0acaf000-0acb2000 ---p 00000000 00:00 0 
0acb2000-0ad00000 rw-p 00000000 00:00 0          [stack:5398]
0ad00000-0ae00000 rw-p 00000000 00:00 0 
0ae00000-0ae21000 rw-p 00000000 00:00 0 
0ae21000-0af00000 ---p 00000000 00:00 0 
0af00000-0afe0000 rw-p 00000000 00:00 0 
0afe0000-0b000000 ---p 00000000 00:00 0 
0b007000-0b00a000 ---p 00000000 00:00 0 
0b00a000-0b058000 rw-p 00000000 00:00 0          [stack:5397]
0b058000-0b059000 ---p 00000000 00:00 0 
0b059000-0b0d9000 rw-p 00000000 00:00 0          [stack:5396]
0b0d9000-0b298000 r--s 039e5000 08:06 8657350    /usr/local/java/jdk1.7.0_65/jre/lib/rt.jar
0b298000-0bd00000 rw-p 00000000 00:00 0 
0bd00000-0be00000 rw-p 00000000 00:00 0 
0be34000-0be7f000 rw-p 00000000 00:00 0 
0be7f000-0be80000 ---p 00000000 00:00 0 
0be80000-0bf00000 rw-p 00000000 00:00 0          [stack:5395]
0bf00000-0bf21000 rw-p 00000000 00:00 0 
0bf21000-0c000000 ---p 00000000 00:00 0 
0c000000-0c021000 rw-p 00000000 00:00 0 
0c021000-0c100000 ---p 00000000 00:00 0 
0c124000-0c17f000 rw-p 00000000 00:00 0 
0c17f000-0c180000 ---p 00000000 00:00 0 
0c180000-0c200000 rw-p 00000000 00:00 0          [stack:5394]
0c200000-0c221000 rw-p 00000000 00:00 0 
0c221000-0c300000 ---p 00000000 00:00 0 
0c327000-0c366000 rw-p 00000000 00:00 0 
0c366000-0c367000 ---p 00000000 00:00 0 
0c367000-0c3e7000 rw-p 00000000 00:00 0          [stack:5393]
0c3e7000-0c3e8000 ---p 00000000 00:00 0 
0c3e8000-0c65a000 rw-p 00000000 00:00 0          [stack:5392]
0c65a000-0c7cb000 rw-p 00000000 00:00 0 
0c7cb000-0c7d3000 rw-p 00000000 00:00 0 
0c7d3000-0c7eb000 rw-p 00000000 00:00 0 
0c7eb000-0c9dd000 rw-p 00000000 00:00 0 
0c9dd000-0cb4d000 rw-p 00000000 00:00 0 
0cb4d000-0ccff000 rw-p 00000000 00:00 0 
0ccff000-0dd00000 rw-p 00000000 00:00 0 
0dd00000-10d00000 rw-p 00000000 00:00 0 
10d00000-4ef80000 rw-p 00000000 00:00 0 
58c25000-58e40000 rw-p 00000000 00:00 0 
58e40000-7d240000 rw-p 00000000 00:00 0 
7d240000-b3500000 rw-p 00000000 00:00 0 
b3508000-b3510000 rw-p 00000000 00:00 0 
b3510000-b3528000 rw-p 00000000 00:00 0 
b3528000-b3531000 rw-p 00000000 00:00 0 
b3531000-b35e8000 rw-p 00000000 00:00 0 
b35e8000-b3828000 rwxp 00000000 00:00 0 
b3828000-b65e8000 rw-p 00000000 00:00 0 
b65e8000-b65ff000 r-xp 00000000 08:06 8786677    /usr/local/java/jdk1.7.0_65/jre/lib/i386/libzip.so
b65ff000-b6600000 rw-p 00017000 08:06 8786677    /usr/local/java/jdk1.7.0_65/jre/lib/i386/libzip.so
b6600000-b66f5000 rw-p 00000000 00:00 0 
b66f5000-b6700000 ---p 00000000 00:00 0 
b6709000-b6714000 r-xp 00000000 08:06 17565293   /lib/i386-linux-gnu/libnss_files-2.19.so
b6714000-b6715000 r--p 0000a000 08:06 17565293   /lib/i386-linux-gnu/libnss_files-2.19.so
b6715000-b6716000 rw-p 0000b000 08:06 17565293   /lib/i386-linux-gnu/libnss_files-2.19.so
b6716000-b6720000 r-xp 00000000 08:06 17565302   /lib/i386-linux-gnu/libnss_nis-2.19.so
b6720000-b6721000 r--p 00009000 08:06 17565302   /lib/i386-linux-gnu/libnss_nis-2.19.so
b6721000-b6722000 rw-p 0000a000 08:06 17565302   /lib/i386-linux-gnu/libnss_nis-2.19.so
b6722000-b6737000 r-xp 00000000 08:06 17565299   /lib/i386-linux-gnu/libnsl-2.19.so
b6737000-b6738000 r--p 00015000 08:06 17565299   /lib/i386-linux-gnu/libnsl-2.19.so
b6738000-b6739000 rw-p 00016000 08:06 17565299   /lib/i386-linux-gnu/libnsl-2.19.so
b6739000-b673b000 rw-p 00000000 00:00 0 
b673b000-b6742000 r-xp 00000000 08:06 17565294   /lib/i386-linux-gnu/libnss_compat-2.19.so
b6742000-b6743000 r--p 00006000 08:06 17565294   /lib/i386-linux-gnu/libnss_compat-2.19.so
b6743000-b6744000 rw-p 00007000 08:06 17565294   /lib/i386-linux-gnu/libnss_compat-2.19.so
b6751000-b6759000 rw-s 00000000 08:06 12850525   /tmp/hsperfdata_vazeer/5385
b6759000-b677c000 r-xp 00000000 08:06 8786647    /usr/local/java/jdk1.7.0_65/jre/lib/i386/libjava.so
b677c000-b677d000 rw-p 00023000 08:06 8786647    /usr/local/java/jdk1.7.0_65/jre/lib/i386/libjava.so
b677d000-b6784000 r-xp 00000000 08:06 17565298   /lib/i386-linux-gnu/librt-2.19.so
b6784000-b6785000 r--p 00006000 08:06 17565298   /lib/i386-linux-gnu/librt-2.19.so
b6785000-b6786000 rw-p 00007000 08:06 17565298   /lib/i386-linux-gnu/librt-2.19.so
b6786000-b6789000 ---p 00000000 00:00 0 
b6789000-b67d7000 rw-p 00000000 00:00 0          [stack:5391]
b67d7000-b681b000 r-xp 00000000 08:06 17565300   /lib/i386-linux-gnu/libm-2.19.so
b681b000-b681c000 r--p 00043000 08:06 17565300   /lib/i386-linux-gnu/libm-2.19.so
b681c000-b681d000 rw-p 00044000 08:06 17565300   /lib/i386-linux-gnu/libm-2.19.so
b681d000-b70a0000 r-xp 00000000 08:06 8786686    /usr/local/java/jdk1.7.0_65/jre/lib/i386/server/libjvm.so
b70a0000-b7104000 rw-p 00882000 08:06 8786686    /usr/local/java/jdk1.7.0_65/jre/lib/i386/server/libjvm.so
b7104000-b7529000 rw-p 00000000 00:00 0 
b7529000-b76d2000 r-xp 00000000 08:06 17565305   /lib/i386-linux-gnu/libc-2.19.so
b76d2000-b76d3000 ---p 001a9000 08:06 17565305   /lib/i386-linux-gnu/libc-2.19.so
b76d3000-b76d5000 r--p 001a9000 08:06 17565305   /lib/i386-linux-gnu/libc-2.19.so
b76d5000-b76d6000 rw-p 001ab000 08:06 17565305   /lib/i386-linux-gnu/libc-2.19.so
b76d6000-b76d9000 rw-p 00000000 00:00 0 
b76d9000-b76dc000 r-xp 00000000 08:06 17565316   /lib/i386-linux-gnu/libdl-2.19.so
b76dc000-b76dd000 r--p 00002000 08:06 17565316   /lib/i386-linux-gnu/libdl-2.19.so
b76dd000-b76de000 rw-p 00003000 08:06 17565316   /lib/i386-linux-gnu/libdl-2.19.so
b76de000-b76f1000 r-xp 00000000 08:06 8923349    /usr/local/java/jdk1.7.0_65/lib/i386/jli/libjli.so
b76f1000-b76f2000 rw-p 00012000 08:06 8923349    /usr/local/java/jdk1.7.0_65/lib/i386/jli/libjli.so
b76f2000-b770a000 r-xp 00000000 08:06 17565314   /lib/i386-linux-gnu/libpthread-2.19.so
b770a000-b770b000 r--p 00017000 08:06 17565314   /lib/i386-linux-gnu/libpthread-2.19.so
b770b000-b770c000 rw-p 00018000 08:06 17565314   /lib/i386-linux-gnu/libpthread-2.19.so
b770c000-b770f000 rw-p 00000000 00:00 0 
b7712000-b7714000 rw-p 00000000 00:00 0 
b7714000-b7715000 r--s 00003000 08:06 18353231   /home/vazeer/workspace/Imagga/libs/json_simple-1.1.jar
b7715000-b7716000 r--p 00850000 08:06 8396945    /usr/lib/locale/locale-archive
b7716000-b7717000 rw-p 00000000 00:00 0 
b7717000-b7718000 ---p 00000000 00:00 0 
b7718000-b7723000 r-xp 00000000 08:06 8786701    /usr/local/java/jdk1.7.0_65/jre/lib/i386/libverify.so
b7723000-b7724000 rw-p 0000b000 08:06 8786701    /usr/local/java/jdk1.7.0_65/jre/lib/i386/libverify.so
b7724000-b7726000 rw-p 00000000 00:00 0 
b7726000-b7727000 r-xp 00000000 00:00 0          [vdso]
b7727000-b7747000 r-xp 00000000 08:06 17565315   /lib/i386-linux-gnu/ld-2.19.so
b7747000-b7748000 r--p 0001f000 08:06 17565315   /lib/i386-linux-gnu/ld-2.19.so
b7748000-b7749000 rw-p 00020000 08:06 17565315   /lib/i386-linux-gnu/ld-2.19.so
bf9a6000-bf9a7000 rwxp 00000000 00:00 0 
bf9d9000-bf9fa000 rw-p 00000000 00:00 0          [stack]

VM Arguments:
jvm_args: -Xms512M -Xmx2600M -Dfile.encoding=UTF-8 
java_command: ReadCrawledData
Launcher Type: SUN_STANDARD

Environment Variables:
JAVA_HOME=/usr/local/java/jdk1.7.0_65
PATH=/usr/local/sbin:/usr/local/bin:/usr/sbin:/usr/bin:/sbin:/bin:/usr/games:/usr/local/games:/home/vazeer/bin:/usr/local/java/jdk1.7.0_65/bin
LD_LIBRARY_PATH=/usr/local/java/jdk1.7.0_65/jre/lib/i386/server:/usr/local/java/jdk1.7.0_65/jre/lib/i386:/usr/local/java/jdk1.7.0_65/jre/../lib/i386:/usr/lib/jvm/java-7-openjdk-i386/jre/lib/i386/client:/usr/lib/jvm/java-7-openjdk-i386/jre/lib/i386:
SHELL=/bin/bash
DISPLAY=:0

Signal Handlers:
SIGSEGV: [libjvm.so+0x7e7680], sa_mask[0]=0x7ffbfeff, sa_flags=0x10000004
SIGBUS: [libjvm.so+0x7e7680], sa_mask[0]=0x7ffbfeff, sa_flags=0x10000004
SIGFPE: [libjvm.so+0x6818a0], sa_mask[0]=0x7ffbfeff, sa_flags=0x10000004
SIGPIPE: [libjvm.so+0x6818a0], sa_mask[0]=0x7ffbfeff, sa_flags=0x10000004
SIGXFSZ: [libjvm.so+0x6818a0], sa_mask[0]=0x7ffbfeff, sa_flags=0x10000004
SIGILL: [libjvm.so+0x6818a0], sa_mask[0]=0x7ffbfeff, sa_flags=0x10000004
SIGUSR1: SIG_DFL, sa_mask[0]=0x00000000, sa_flags=0x00000000
SIGUSR2: [libjvm.so+0x6830a0], sa_mask[0]=0x00000004, sa_flags=0x10000004
SIGHUP: [libjvm.so+0x6843a0], sa_mask[0]=0x7ffbfeff, sa_flags=0x10000004
SIGINT: [libjvm.so+0x6843a0], sa_mask[0]=0x7ffbfeff, sa_flags=0x10000004
SIGTERM: [libjvm.so+0x6843a0], sa_mask[0]=0x7ffbfeff, sa_flags=0x10000004
SIGQUIT: [libjvm.so+0x6843a0], sa_mask[0]=0x7ffbfeff, sa_flags=0x10000004


---------------  S Y S T E M  ---------------

OS:jessie/sid

uname:Linux 3.13.0-37-generic #64-Ubuntu SMP Mon Sep 22 21:30:01 UTC 2014 i686
libc:glibc 2.19 NPTL 2.19 
rlimit: STACK 8192k, CORE 0k, NPROC 31426, NOFILE 4096, AS infinity
load average:7.18 2.47 1.02

/proc/meminfo:
MemTotal:        4041804 kB
MemFree:          187708 kB
Buffers:            2052 kB
Cached:           347732 kB
SwapCached:        20188 kB
Active:          2723712 kB
Inactive:        1009620 kB
Active(anon):    2679544 kB
Inactive(anon):   962080 kB
Active(file):      44168 kB
Inactive(file):    47540 kB
Unevictable:          48 kB
Mlocked:              48 kB
HighTotal:       3189604 kB
HighFree:          32944 kB
LowTotal:         852200 kB
LowFree:          154764 kB
SwapTotal:       2001916 kB
SwapFree:           1076 kB
Dirty:               948 kB
Writeback:          1304 kB
AnonPages:       3365028 kB
Mapped:           170248 kB
Shmem:            257828 kB
Slab:              40960 kB
SReclaimable:      19516 kB
SUnreclaim:        21444 kB
KernelStack:        5288 kB
PageTables:        24208 kB
NFS_Unstable:          0 kB
Bounce:              344 kB
WritebackTmp:          0 kB
CommitLimit:     4022816 kB
Committed_AS:   11544036 kB
VmallocTotal:     122880 kB
VmallocUsed:       19076 kB
VmallocChunk:      99396 kB
HardwareCorrupted:     0 kB
AnonHugePages:   1183744 kB
HugePages_Total:       0
HugePages_Free:        0
HugePages_Rsvd:        0
HugePages_Surp:        0
Hugepagesize:       2048 kB
DirectMap4k:       43000 kB
DirectMap2M:      868352 kB


CPU:total 4 (2 cores per cpu, 2 threads per core) family 6 model 42 stepping 7, cmov, cx8, fxsr, mmx, sse, sse2, sse3, ssse3, sse4.1, sse4.2, popcnt, avx, ht, tsc, tscinvbit

/proc/cpuinfo:
processor	: 0
vendor_id	: GenuineIntel
cpu family	: 6
model		: 42
model name	: Intel(R) Core(TM) i3-2100 CPU @ 3.10GHz
stepping	: 7
microcode	: 0x14
cpu MHz		: 3100.000
cache size	: 3072 KB
physical id	: 0
siblings	: 4
core id		: 0
cpu cores	: 2
apicid		: 0
initial apicid	: 0
fdiv_bug	: no
f00f_bug	: no
coma_bug	: no
fpu		: yes
fpu_exception	: yes
cpuid level	: 13
wp		: yes
flags		: fpu vme de pse tsc msr pae mce cx8 apic sep mtrr pge mca cmov pat pse36 clflush dts acpi mmx fxsr sse sse2 ss ht tm pbe nx rdtscp lm constant_tsc arch_perfmon pebs bts xtopology nonstop_tsc aperfmperf eagerfpu pni pclmulqdq dtes64 monitor ds_cpl vmx est tm2 ssse3 cx16 xtpr pdcm pcid sse4_1 sse4_2 popcnt tsc_deadline_timer xsave avx lahf_lm arat epb xsaveopt pln pts dtherm tpr_shadow vnmi flexpriority ept vpid
bogomips	: 6186.00
clflush size	: 64
cache_alignment	: 64
address sizes	: 36 bits physical, 48 bits virtual
power management:

processor	: 1
vendor_id	: GenuineIntel
cpu family	: 6
model		: 42
model name	: Intel(R) Core(TM) i3-2100 CPU @ 3.10GHz
stepping	: 7
microcode	: 0x14
cpu MHz		: 3100.000
cache size	: 3072 KB
physical id	: 0
siblings	: 4
core id		: 1
cpu cores	: 2
apicid		: 2
initial apicid	: 2
fdiv_bug	: no
f00f_bug	: no
coma_bug	: no
fpu		: yes
fpu_exception	: yes
cpuid level	: 13
wp		: yes
flags		: fpu vme de pse tsc msr pae mce cx8 apic sep mtrr pge mca cmov pat pse36 clflush dts acpi mmx fxsr sse sse2 ss ht tm pbe nx rdtscp lm constant_tsc arch_perfmon pebs bts xtopology nonstop_tsc aperfmperf eagerfpu pni pclmulqdq dtes64 monitor ds_cpl vmx est tm2 ssse3 cx16 xtpr pdcm pcid sse4_1 sse4_2 popcnt tsc_deadline_timer xsave avx lahf_lm arat epb xsaveopt pln pts dtherm tpr_shadow vnmi flexpriority ept vpid
bogomips	: 6186.00
clflush size	: 64
cache_alignment	: 64
address sizes	: 36 bits physical, 48 bits virtual
power management:

processor	: 2
vendor_id	: GenuineIntel
cpu family	: 6
model		: 42
model name	: Intel(R) Core(TM) i3-2100 CPU @ 3.10GHz
stepping	: 7
microcode	: 0x14
cpu MHz		: 3100.000
cache size	: 3072 KB
physical id	: 0
siblings	: 4
core id		: 0
cpu cores	: 2
apicid		: 1
initial apicid	: 1
fdiv_bug	: no
f00f_bug	: no
coma_bug	: no
fpu		: yes
fpu_exception	: yes
cpuid level	: 13
wp		: yes
flags		: fpu vme de pse tsc msr pae mce cx8 apic sep mtrr pge mca cmov pat pse36 clflush dts acpi mmx fxsr sse sse2 ss ht tm pbe nx rdtscp lm constant_tsc arch_perfmon pebs bts xtopology nonstop_tsc aperfmperf eagerfpu pni pclmulqdq dtes64 monitor ds_cpl vmx est tm2 ssse3 cx16 xtpr pdcm pcid sse4_1 sse4_2 popcnt tsc_deadline_timer xsave avx lahf_lm arat epb xsaveopt pln pts dtherm tpr_shadow vnmi flexpriority ept vpid
bogomips	: 6186.00
clflush size	: 64
cache_alignment	: 64
address sizes	: 36 bits physical, 48 bits virtual
power management:

processor	: 3
vendor_id	: GenuineIntel
cpu family	: 6
model		: 42
model name	: Intel(R) Core(TM) i3-2100 CPU @ 3.10GHz
stepping	: 7
microcode	: 0x14
cpu MHz		: 3100.000
cache size	: 3072 KB
physical id	: 0
siblings	: 4
core id		: 1
cpu cores	: 2
apicid		: 3
initial apicid	: 3
fdiv_bug	: no
f00f_bug	: no
coma_bug	: no
fpu		: yes
fpu_exception	: yes
cpuid level	: 13
wp		: yes
flags		: fpu vme de pse tsc msr pae mce cx8 apic sep mtrr pge mca cmov pat pse36 clflush dts acpi mmx fxsr sse sse2 ss ht tm pbe nx rdtscp lm constant_tsc arch_perfmon pebs bts xtopology nonstop_tsc aperfmperf eagerfpu pni pclmulqdq dtes64 monitor ds_cpl vmx est tm2 ssse3 cx16 xtpr pdcm pcid sse4_1 sse4_2 popcnt tsc_deadline_timer xsave avx lahf_lm arat epb xsaveopt pln pts dtherm tpr_shadow vnmi flexpriority ept vpid
bogomips	: 6186.00
clflush size	: 64
cache_alignment	: 64
address sizes	: 36 bits physical, 48 bits virtual
power management:



Memory: 4k page, physical 4041804k(187708k free), swap 2001916k(1076k free)

vm_info: Java HotSpot(TM) Server VM (24.65-b04) for linux-x86 JRE (1.7.0_65-b17), built on Jun 16 2014 20:30:14 by "java_re" with gcc 4.3.0 20080428 (Red Hat 4.3.0-8)

time: Tue Feb  3 15:20:23 2015
elapsed time: 68 seconds

