#
# There is insufficient memory for the Java Runtime Environment to continue.
# Native memory allocation (malloc) failed to allocate 268959744 bytes for committing reserved memory.
# Possible reasons:
#   The system is out of physical RAM or swap space
#   In 32 bit mode, the process size limit was hit
# Possible solutions:
#   Reduce memory load on the system
#   Increase physical memory or swap space
#   Check if swap backing store is full
#   Use 64 bit Java on a 64 bit OS
#   Decrease Java heap size (-Xmx/-Xms)
#   Decrease number of Java threads
#   Decrease Java thread stack sizes (-Xss)
#   Set larger code cache with -XX:ReservedCodeCacheSize=
# This output file may be truncated or incomplete.
#
#  Out of Memory Error (os_linux.cpp:2745), pid=22875, tid=185436992
#
# JRE version: Java(TM) SE Runtime Environment (7.0_65-b17) (build 1.7.0_65-b17)
# Java VM: Java HotSpot(TM) Server VM (24.65-b04 mixed mode linux-x86 )
# Failed to write core dump. Core dumps have been disabled. To enable core dumping, try "ulimit -c unlimited" before starting Java again
#

---------------  T H R E A D  ---------------

Current thread (0x0af81400):  VMThread [stack: 0x0b058000,0x0b0d9000] [id=22886]

Stack: [0x0b058000,0x0b0d9000],  sp=0x0b0d7720,  free space=509k
Native frames: (J=compiled Java code, j=interpreted, Vv=VM code, C=native code)
V  [libjvm.so+0x7e6b76]  VMError::report_and_die()+0x1a6
V  [libjvm.so+0x33d852]  report_vm_out_of_memory(char const*, int, unsigned int, char const*)+0x72
V  [libjvm.so+0x684cf1]  os::Linux::commit_memory_impl(char*, unsigned int, bool)+0xe1
V  [libjvm.so+0x6851b8]  os::pd_commit_memory(char*, unsigned int, unsigned int, bool)+0x28
V  [libjvm.so+0x67e92c]  os::commit_memory(char*, unsigned int, unsigned int, bool)+0x2c
V  [libjvm.so+0x6e8518]  PSVirtualSpace::expand_by(unsigned int)+0x48
V  [libjvm.so+0x6e961a]  PSYoungGen::resize_generation(unsigned int, unsigned int)+0xda
V  [libjvm.so+0x6e8959]  PSYoungGen::resize(unsigned int, unsigned int)+0x19
V  [libjvm.so+0x6e630e]  PSScavenge::invoke_no_policy()+0xd5e
V  [libjvm.so+0x6e6ae8]  PSScavenge::invoke()+0x28
V  [libjvm.so+0x6a491a]  ParallelScavengeHeap::failed_mem_allocate(unsigned int)+0x5a
V  [libjvm.so+0x7e840a]  VM_ParallelGCFailedAllocation::doit()+0x7a
V  [libjvm.so+0x7f1227]  VM_Operation::evaluate()+0x47
V  [libjvm.so+0x7ef2c3]  VMThread::evaluate_operation(VM_Operation*)+0xb3
V  [libjvm.so+0x7ef660]  VMThread::loop()+0x1b0
V  [libjvm.so+0x7efac5]  VMThread::run()+0x85
V  [libjvm.so+0x686fc9]  java_start(Thread*)+0x119
C  [libpthread.so.0+0x6f70]  start_thread+0xd0

VM_Operation (0xb67cdde4): ParallelGCFailedAllocation, mode: safepoint, requested by thread 0xb6607400


---------------  P R O C E S S  ---------------

Java Threads: ( => current thread )
  0x0afa2800 JavaThread "Service Thread" daemon [_thread_blocked, id=22892, stack(0x0a90b000,0x0a95c000)]
  0x0afa0c00 JavaThread "C2 CompilerThread1" daemon [_thread_blocked, id=22891, stack(0x0a95c000,0x0a9dd000)]
  0x0af9ec00 JavaThread "C2 CompilerThread0" daemon [_thread_blocked, id=22890, stack(0x0a9dd000,0x0aa5e000)]
  0x0af9d400 JavaThread "Signal Dispatcher" daemon [_thread_blocked, id=22889, stack(0x0aa5e000,0x0aaaf000)]
  0x0af85800 JavaThread "Finalizer" daemon [_thread_blocked, id=22888, stack(0x0acaf000,0x0ad00000)]
  0x0af83c00 JavaThread "Reference Handler" daemon [_thread_blocked, id=22887, stack(0x0b007000,0x0b058000)]
  0xb6607400 JavaThread "main" [_thread_blocked, id=22881, stack(0xb677e000,0xb67cf000)]

Other Threads:
=>0x0af81400 VMThread [stack: 0x0b058000,0x0b0d9000] [id=22886]
  0x0afa4800 WatcherThread [stack: 0x0a88a000,0x0a90b000] [id=22893]

VM state:at safepoint (normal execution)

VM Mutex/Monitor currently owned by a thread:  ([mutex/lock_event])
[0xb6604d70] Threads_lock - owner thread: 0x0af81400
[0xb6605180] Heap_lock - owner thread: 0xb6607400

Heap
 PSYoungGen      total 284416K, used 280K [0x7d240000, 0x8fd40000, 0xb3500000)
  eden space 262656K, 0% used [0x7d240000,0x7d240000,0x8d2c0000)
  from space 21760K, 1% used [0x8d2c0000,0x8d306060,0x8e800000)
  to   space 21760K, 0% used [0x8e800000,0x8e800000,0x8fd40000)
 ParOldGen       total 349696K, used 157098K [0x10d00000, 0x26280000, 0x7d240000)
  object space 349696K, 44% used [0x10d00000,0x1a66a840,0x26280000)
 PSPermGen       total 16384K, used 1876K [0x0cd00000, 0x0dd00000, 0x10d00000)
  object space 16384K, 11% used [0x0cd00000,0x0ced5208,0x0dd00000)

Card table byte_map: [0x0c7cb000,0x0cd00000] byte_map_base: 0x0c764800

Polling page: 0xb770f000

Code Cache  [0xb35e8000, 0xb3828000, 0xb65e8000)
 total_blobs=146 nmethods=32 adapters=68 free_code_cache=48803Kb largest_free_block=49953088

Compilation events (10 events):
Event: 15.922 Thread 0x0afa0c00 nmethod 28 0xb36407c8 code [0xb36408e0, 0xb3640afc]
Event: 15.922 Thread 0x0afa0c00   29             java.lang.AbstractStringBuilder::charAt (28 bytes)
Event: 15.923 Thread 0x0afa0c00 nmethod 29 0xb363e608 code [0xb363e700, 0xb363e790]
Event: 15.925 Thread 0x0af9ec00 nmethod 27 0xb3640bc8 code [0xb3640ce0, 0xb3640fb0]
Event: 15.959 Thread 0x0afa0c00   30             java.util.regex.Matcher::find (69 bytes)
Event: 15.959 Thread 0x0af9ec00   31             java.util.regex.Pattern$LastNode::match (45 bytes)
Event: 15.960 Thread 0x0af9ec00 nmethod 31 0xb363ca48 code [0xb363cb40, 0xb363cbf0]
Event: 15.963 Thread 0x0afa0c00 nmethod 30 0xb3640008 code [0xb3640140, 0xb364045c]
Event: 15.983 Thread 0x0af9ec00   32 %           java.util.regex.Matcher::replaceAll @ 22 (59 bytes)
Event: 15.993 Thread 0x0af9ec00 nmethod 32% 0xb363f488 code [0xb363f5e0, 0xb363fa58]

GC Heap History (5 events):
Event: 7.448 GC heap before
{Heap before GC invocations=1 (full 0):
 PSYoungGen      total 153088K, used 108792K [0x7d240000, 0x87d00000, 0xb3500000)
  eden space 131328K, 82% used [0x7d240000,0x83c7e0e8,0x85280000)
  from space 21760K, 0% used [0x867c0000,0x867c0000,0x87d00000)
  to   space 21760K, 0% used [0x85280000,0x85280000,0x867c0000)
 ParOldGen       total 349696K, used 0K [0x10d00000, 0x26280000, 0x7d240000)
  object space 349696K, 0% used [0x10d00000,0x10d00000,0x26280000)
 PSPermGen       total 16384K, used 1805K [0x0cd00000, 0x0dd00000, 0x10d00000)
  object space 16384K, 11% used [0x0cd00000,0x0cec3718,0x0dd00000)
Event: 8.367 GC heap after
Heap after GC invocations=1 (full 0):
 PSYoungGen      total 153088K, used 312K [0x7d240000, 0x8fd40000, 0xb3500000)
  eden space 131328K, 0% used [0x7d240000,0x7d240000,0x85280000)
  from space 21760K, 1% used [0x85280000,0x852ce060,0x867c0000)
  to   space 21760K, 0% used [0x8e800000,0x8e800000,0x8fd40000)
 ParOldGen       total 349696K, used 32256K [0x10d00000, 0x26280000, 0x7d240000)
  object space 349696K, 9% used [0x10d00000,0x12c80008,0x26280000)
 PSPermGen       total 16384K, used 1805K [0x0cd00000, 0x0dd00000, 0x10d00000)
  object space 16384K, 11% used [0x0cd00000,0x0cec3718,0x0dd00000)
}
Event: 14.691 GC heap before
{Heap before GC invocations=2 (full 0):
 PSYoungGen      total 153088K, used 104027K [0x7d240000, 0x8fd40000, 0xb3500000)
  eden space 131328K, 78% used [0x7d240000,0x83788f10,0x85280000)
  from space 21760K, 1% used [0x85280000,0x852ce060,0x867c0000)
  to   space 21760K, 0% used [0x8e800000,0x8e800000,0x8fd40000)
 ParOldGen       total 349696K, used 32256K [0x10d00000, 0x26280000, 0x7d240000)
  object space 349696K, 9% used [0x10d00000,0x12c80008,0x26280000)
 PSPermGen       total 16384K, used 1811K [0x0cd00000, 0x0dd00000, 0x10d00000)
  object space 16384K, 11% used [0x0cd00000,0x0cec4fe8,0x0dd00000)
Event: 14.937 GC heap after
Heap after GC invocations=2 (full 0):
 PSYoungGen      total 284416K, used 296K [0x7d240000, 0x8fd40000, 0xb3500000)
  eden space 262656K, 0% used [0x7d240000,0x7d240000,0x8d2c0000)
  from space 21760K, 1% used [0x8e800000,0x8e84a060,0x8fd40000)
  to   space 21760K, 0% used [0x8d2c0000,0x8d2c0000,0x8e800000)
 ParOldGen       total 349696K, used 96772K [0x10d00000, 0x26280000, 0x7d240000)
  object space 349696K, 27% used [0x10d00000,0x16b81010,0x26280000)
 PSPermGen       total 16384K, used 1811K [0x0cd00000, 0x0dd00000, 0x10d00000)
  object space 16384K, 11% used [0x0cd00000,0x0cec4fe8,0x0dd00000)
}
Event: 18.605 GC heap before
{Heap before GC invocations=3 (full 0):
 PSYoungGen      total 284416K, used 250385K [0x7d240000, 0x8fd40000, 0xb3500000)
  eden space 262656K, 95% used [0x7d240000,0x8c67a4a8,0x8d2c0000)
  from space 21760K, 1% used [0x8e800000,0x8e84a060,0x8fd40000)
  to   space 21760K, 0% used [0x8d2c0000,0x8d2c0000,0x8e800000)
 ParOldGen       total 349696K, used 96772K [0x10d00000, 0x26280000, 0x7d240000)
  object space 349696K, 27% used [0x10d00000,0x16b81010,0x26280000)
 PSPermGen       total 16384K, used 1876K [0x0cd00000, 0x0dd00000, 0x10d00000)
  object space 16384K, 11% used [0x0cd00000,0x0ced5208,0x0dd00000)

Deoptimization events (1 events):
Event: 14.313 Thread 0xb6607400 Uncommon trap: reason=unreached action=reinterpret pc=0xb3637be4 method=GetInfo.getParsedData(Ljava/lang/String;)Ljava/lang/String; @ 77

Internal exceptions (4 events):
Event: 0.976 Thread 0xb6607400 Threw 0x7d24f698 at /HUDSON/workspace/7u-2-build-linux-i586/jdk7u65/1224/hotspot/src/share/vm/prims/jni.cpp:3991
Event: 1.244 Thread 0xb6607400 Threw 0x7d2846b0 at /HUDSON/workspace/7u-2-build-linux-i586/jdk7u65/1224/hotspot/src/share/vm/prims/jvm.cpp:1244
Event: 1.323 Thread 0xb6607400 Threw 0x7d28ba68 at /HUDSON/workspace/7u-2-build-linux-i586/jdk7u65/1224/hotspot/src/share/vm/prims/jvm.cpp:1244
Event: 1.324 Thread 0xb6607400 Threw 0x7d291d08 at /HUDSON/workspace/7u-2-build-linux-i586/jdk7u65/1224/hotspot/src/share/vm/prims/jvm.cpp:1244

Events (10 events):
Event: 15.788 loading class 0x0c17c780 done
Event: 15.788 loading class 0x0c17cf50
Event: 15.788 loading class 0x0c17cf50 done
Event: 15.789 loading class 0x0c17cfa8
Event: 15.789 loading class 0x0c17cfa8 done
Event: 15.789 loading class 0x0c129f58
Event: 15.790 loading class 0x0ada9cb0
Event: 15.790 loading class 0x0ada9cb0 done
Event: 15.790 loading class 0x0c129f58 done
Event: 18.604 Executing VM operation: ParallelGCFailedAllocation


Dynamic libraries:
02d08000-08048000 rw-p 00000000 00:00 0 
08048000-08049000 r-xp 00000000 08:06 8786747    /usr/local/java/jdk1.7.0_65/bin/java
08049000-0804a000 rw-p 00000000 08:06 8786747    /usr/local/java/jdk1.7.0_65/bin/java
09983000-099a4000 rw-p 00000000 00:00 0          [heap]
0a700000-0a730000 rw-p 00000000 00:00 0 
0a730000-0a800000 ---p 00000000 00:00 0 
0a88a000-0a88b000 ---p 00000000 00:00 0 
0a88b000-0a90b000 rw-p 00000000 00:00 0          [stack:22893]
0a90b000-0a90e000 ---p 00000000 00:00 0 
0a90e000-0a95c000 rw-p 00000000 00:00 0          [stack:22892]
0a95c000-0a95f000 ---p 00000000 00:00 0 
0a95f000-0a9dd000 rw-p 00000000 00:00 0          [stack:22891]
0a9dd000-0a9e0000 ---p 00000000 00:00 0 
0a9e0000-0aa5e000 rw-p 00000000 00:00 0          [stack:22890]
0aa5e000-0aa61000 ---p 00000000 00:00 0 
0aa61000-0aaaf000 rw-p 00000000 00:00 0          [stack:22889]
0aaaf000-0acaf000 r--p 00000000 08:06 8396945    /usr/lib/locale/locale-archive
0acaf000-0acb2000 ---p 00000000 00:00 0 
0acb2000-0ad00000 rw-p 00000000 00:00 0          [stack:22888]
0ad00000-0adfa000 rw-p 00000000 00:00 0 
0adfa000-0ae00000 ---p 00000000 00:00 0 
0ae00000-0ae21000 rw-p 00000000 00:00 0 
0ae21000-0af00000 ---p 00000000 00:00 0 
0af00000-0afd3000 rw-p 00000000 00:00 0 
0afd3000-0b000000 ---p 00000000 00:00 0 
0b007000-0b00a000 ---p 00000000 00:00 0 
0b00a000-0b058000 rw-p 00000000 00:00 0          [stack:22887]
0b058000-0b059000 ---p 00000000 00:00 0 
0b059000-0b0d9000 rw-p 00000000 00:00 0          [stack:22886]
0b0d9000-0b298000 r--s 039e5000 08:06 8657350    /usr/local/java/jdk1.7.0_65/jre/lib/rt.jar
0b298000-0bd00000 rw-p 00000000 00:00 0 
0bd00000-0bdda000 rw-p 00000000 00:00 0 
0bdda000-0be00000 ---p 00000000 00:00 0 
0be34000-0be7f000 rw-p 00000000 00:00 0 
0be7f000-0be80000 ---p 00000000 00:00 0 
0be80000-0bf00000 rw-p 00000000 00:00 0          [stack:22885]
0bf00000-0bf21000 rw-p 00000000 00:00 0 
0bf21000-0c000000 ---p 00000000 00:00 0 
0c000000-0c021000 rw-p 00000000 00:00 0 
0c021000-0c100000 ---p 00000000 00:00 0 
0c124000-0c17f000 rw-p 00000000 00:00 0 
0c17f000-0c180000 ---p 00000000 00:00 0 
0c180000-0c200000 rw-p 00000000 00:00 0          [stack:22884]
0c200000-0c221000 rw-p 00000000 00:00 0 
0c221000-0c300000 ---p 00000000 00:00 0 
0c327000-0c366000 rw-p 00000000 00:00 0 
0c366000-0c367000 ---p 00000000 00:00 0 
0c367000-0c3e7000 rw-p 00000000 00:00 0          [stack:22883]
0c3e7000-0c3e8000 ---p 00000000 00:00 0 
0c3e8000-0c513000 rw-p 00000000 00:00 0          [stack:22882]
0c513000-0c7cb000 rw-p 00000000 00:00 0 
0c7cb000-0c7d3000 rw-p 00000000 00:00 0 
0c7d3000-0c7eb000 rw-p 00000000 00:00 0 
0c7eb000-0c896000 rw-p 00000000 00:00 0 
0c896000-0cb4d000 rw-p 00000000 00:00 0 
0cb4d000-0cbe4000 rw-p 00000000 00:00 0 
0cbe4000-0ccff000 rw-p 00000000 00:00 0 
0ccff000-0dd00000 rw-p 00000000 00:00 0 
0dd00000-10d00000 rw-p 00000000 00:00 0 
10d00000-26280000 rw-p 00000000 00:00 0 
26280000-7d240000 rw-p 00000000 00:00 0 
7d240000-8fd40000 rw-p 00000000 00:00 0 
9fba5000-9fdc0000 rw-p 00000000 00:00 0 
9fdc0000-b3500000 rw-p 00000000 00:00 0 
b3508000-b3510000 rw-p 00000000 00:00 0 
b3510000-b3528000 rw-p 00000000 00:00 0 
b3528000-b3531000 rw-p 00000000 00:00 0 
b3531000-b35e8000 rw-p 00000000 00:00 0 
b35e8000-b3828000 rwxp 00000000 00:00 0 
b3828000-b65e8000 rw-p 00000000 00:00 0 
b65e8000-b65ff000 r-xp 00000000 08:06 8786677    /usr/local/java/jdk1.7.0_65/jre/lib/i386/libzip.so
b65ff000-b6600000 rw-p 00017000 08:06 8786677    /usr/local/java/jdk1.7.0_65/jre/lib/i386/libzip.so
b6600000-b66f5000 rw-p 00000000 00:00 0 
b66f5000-b6700000 ---p 00000000 00:00 0 
b6701000-b670c000 r-xp 00000000 08:06 17565293   /lib/i386-linux-gnu/libnss_files-2.19.so
b670c000-b670d000 r--p 0000a000 08:06 17565293   /lib/i386-linux-gnu/libnss_files-2.19.so
b670d000-b670e000 rw-p 0000b000 08:06 17565293   /lib/i386-linux-gnu/libnss_files-2.19.so
b670e000-b6718000 r-xp 00000000 08:06 17565302   /lib/i386-linux-gnu/libnss_nis-2.19.so
b6718000-b6719000 r--p 00009000 08:06 17565302   /lib/i386-linux-gnu/libnss_nis-2.19.so
b6719000-b671a000 rw-p 0000a000 08:06 17565302   /lib/i386-linux-gnu/libnss_nis-2.19.so
b671a000-b672f000 r-xp 00000000 08:06 17565299   /lib/i386-linux-gnu/libnsl-2.19.so
b672f000-b6730000 r--p 00015000 08:06 17565299   /lib/i386-linux-gnu/libnsl-2.19.so
b6730000-b6731000 rw-p 00016000 08:06 17565299   /lib/i386-linux-gnu/libnsl-2.19.so
b6731000-b6733000 rw-p 00000000 00:00 0 
b6733000-b673a000 r-xp 00000000 08:06 17565294   /lib/i386-linux-gnu/libnss_compat-2.19.so
b673a000-b673b000 r--p 00006000 08:06 17565294   /lib/i386-linux-gnu/libnss_compat-2.19.so
b673b000-b673c000 rw-p 00007000 08:06 17565294   /lib/i386-linux-gnu/libnss_compat-2.19.so
b6749000-b6751000 rw-s 00000000 08:06 12721307   /tmp/hsperfdata_vazeer/22875
b6751000-b6774000 r-xp 00000000 08:06 8786647    /usr/local/java/jdk1.7.0_65/jre/lib/i386/libjava.so
b6774000-b6775000 rw-p 00023000 08:06 8786647    /usr/local/java/jdk1.7.0_65/jre/lib/i386/libjava.so
b6775000-b677c000 r-xp 00000000 08:06 17565298   /lib/i386-linux-gnu/librt-2.19.so
b677c000-b677d000 r--p 00006000 08:06 17565298   /lib/i386-linux-gnu/librt-2.19.so
b677d000-b677e000 rw-p 00007000 08:06 17565298   /lib/i386-linux-gnu/librt-2.19.so
b677e000-b6781000 ---p 00000000 00:00 0 
b6781000-b67cf000 rw-p 00000000 00:00 0          [stack:22881]
b67cf000-b6813000 r-xp 00000000 08:06 17565300   /lib/i386-linux-gnu/libm-2.19.so
b6813000-b6814000 r--p 00043000 08:06 17565300   /lib/i386-linux-gnu/libm-2.19.so
b6814000-b6815000 rw-p 00044000 08:06 17565300   /lib/i386-linux-gnu/libm-2.19.so
b6815000-b7098000 r-xp 00000000 08:06 8786686    /usr/local/java/jdk1.7.0_65/jre/lib/i386/server/libjvm.so
b7098000-b70fc000 rw-p 00882000 08:06 8786686    /usr/local/java/jdk1.7.0_65/jre/lib/i386/server/libjvm.so
b70fc000-b7521000 rw-p 00000000 00:00 0 
b7521000-b76ca000 r-xp 00000000 08:06 17565305   /lib/i386-linux-gnu/libc-2.19.so
b76ca000-b76cb000 ---p 001a9000 08:06 17565305   /lib/i386-linux-gnu/libc-2.19.so
b76cb000-b76cd000 r--p 001a9000 08:06 17565305   /lib/i386-linux-gnu/libc-2.19.so
b76cd000-b76ce000 rw-p 001ab000 08:06 17565305   /lib/i386-linux-gnu/libc-2.19.so
b76ce000-b76d1000 rw-p 00000000 00:00 0 
b76d1000-b76d4000 r-xp 00000000 08:06 17565316   /lib/i386-linux-gnu/libdl-2.19.so
b76d4000-b76d5000 r--p 00002000 08:06 17565316   /lib/i386-linux-gnu/libdl-2.19.so
b76d5000-b76d6000 rw-p 00003000 08:06 17565316   /lib/i386-linux-gnu/libdl-2.19.so
b76d6000-b76e9000 r-xp 00000000 08:06 8923349    /usr/local/java/jdk1.7.0_65/lib/i386/jli/libjli.so
b76e9000-b76ea000 rw-p 00012000 08:06 8923349    /usr/local/java/jdk1.7.0_65/lib/i386/jli/libjli.so
b76ea000-b7702000 r-xp 00000000 08:06 17565314   /lib/i386-linux-gnu/libpthread-2.19.so
b7702000-b7703000 r--p 00017000 08:06 17565314   /lib/i386-linux-gnu/libpthread-2.19.so
b7703000-b7704000 rw-p 00018000 08:06 17565314   /lib/i386-linux-gnu/libpthread-2.19.so
b7704000-b7707000 rw-p 00000000 00:00 0 
b770a000-b770c000 rw-p 00000000 00:00 0 
b770c000-b770d000 r--s 00003000 08:06 18353231   /home/vazeer/workspace/Imagga/libs/json_simple-1.1.jar
b770d000-b770e000 r--p 00850000 08:06 8396945    /usr/lib/locale/locale-archive
b770e000-b770f000 rw-p 00000000 00:00 0 
b770f000-b7710000 ---p 00000000 00:00 0 
b7710000-b771b000 r-xp 00000000 08:06 8786701    /usr/local/java/jdk1.7.0_65/jre/lib/i386/libverify.so
b771b000-b771c000 rw-p 0000b000 08:06 8786701    /usr/local/java/jdk1.7.0_65/jre/lib/i386/libverify.so
b771c000-b771e000 rw-p 00000000 00:00 0 
b771e000-b771f000 r-xp 00000000 00:00 0          [vdso]
b771f000-b773f000 r-xp 00000000 08:06 17565315   /lib/i386-linux-gnu/ld-2.19.so
b773f000-b7740000 r--p 0001f000 08:06 17565315   /lib/i386-linux-gnu/ld-2.19.so
b7740000-b7741000 rw-p 00020000 08:06 17565315   /lib/i386-linux-gnu/ld-2.19.so
bf83a000-bf83b000 rwxp 00000000 00:00 0 
bf86d000-bf88e000 rw-p 00000000 00:00 0          [stack]

VM Arguments:
jvm_args: -Xms512M -Xmx2600M -Dfile.encoding=UTF-8 
java_command: ReadCrawledData
Launcher Type: SUN_STANDARD

Environment Variables:
JAVA_HOME=/usr/local/java/jdk1.7.0_65
PATH=/usr/local/sbin:/usr/local/bin:/usr/sbin:/usr/bin:/sbin:/bin:/usr/games:/usr/local/games:/home/vazeer/bin:/usr/local/java/jdk1.7.0_65/bin
LD_LIBRARY_PATH=/usr/local/java/jdk1.7.0_65/jre/lib/i386/server:/usr/local/java/jdk1.7.0_65/jre/lib/i386:/usr/local/java/jdk1.7.0_65/jre/../lib/i386:/usr/lib/jvm/java-7-openjdk-i386/jre/lib/i386/client:/usr/lib/jvm/java-7-openjdk-i386/jre/lib/i386:
SHELL=/bin/bash
DISPLAY=:0.0

Signal Handlers:
SIGSEGV: [libjvm.so+0x7e7680], sa_mask[0]=0x7ffbfeff, sa_flags=0x10000004
SIGBUS: [libjvm.so+0x7e7680], sa_mask[0]=0x7ffbfeff, sa_flags=0x10000004
SIGFPE: [libjvm.so+0x6818a0], sa_mask[0]=0x7ffbfeff, sa_flags=0x10000004
SIGPIPE: [libjvm.so+0x6818a0], sa_mask[0]=0x7ffbfeff, sa_flags=0x10000004
SIGXFSZ: [libjvm.so+0x6818a0], sa_mask[0]=0x7ffbfeff, sa_flags=0x10000004
SIGILL: [libjvm.so+0x6818a0], sa_mask[0]=0x7ffbfeff, sa_flags=0x10000004
SIGUSR1: SIG_DFL, sa_mask[0]=0x00000000, sa_flags=0x00000000
SIGUSR2: [libjvm.so+0x6830a0], sa_mask[0]=0x00000004, sa_flags=0x10000004
SIGHUP: [libjvm.so+0x6843a0], sa_mask[0]=0x7ffbfeff, sa_flags=0x10000004
SIGINT: [libjvm.so+0x6843a0], sa_mask[0]=0x7ffbfeff, sa_flags=0x10000004
SIGTERM: [libjvm.so+0x6843a0], sa_mask[0]=0x7ffbfeff, sa_flags=0x10000004
SIGQUIT: [libjvm.so+0x6843a0], sa_mask[0]=0x7ffbfeff, sa_flags=0x10000004


---------------  S Y S T E M  ---------------

OS:jessie/sid

uname:Linux 3.13.0-37-generic #64-Ubuntu SMP Mon Sep 22 21:30:01 UTC 2014 i686
libc:glibc 2.19 NPTL 2.19 
rlimit: STACK 8192k, CORE 0k, NPROC 31426, NOFILE 4096, AS infinity
load average:4.42 1.96 1.32

/proc/meminfo:
MemTotal:        4041804 kB
MemFree:          244932 kB
Buffers:             844 kB
Cached:           758172 kB
SwapCached:        19456 kB
Active:          2661240 kB
Inactive:         958968 kB
Active(anon):    2633736 kB
Inactive(anon):   935956 kB
Active(file):      27504 kB
Inactive(file):    23012 kB
Unevictable:          48 kB
Mlocked:              48 kB
HighTotal:       3189604 kB
HighFree:          46932 kB
LowTotal:         852200 kB
LowFree:          198000 kB
SwapTotal:       2001916 kB
SwapFree:          13452 kB
Dirty:                76 kB
Writeback:          4296 kB
AnonPages:       2845252 kB
Mapped:           297532 kB
Shmem:            708484 kB
Slab:              48676 kB
SReclaimable:      21832 kB
SUnreclaim:        26844 kB
KernelStack:        6272 kB
PageTables:        28580 kB
NFS_Unstable:          0 kB
Bounce:               56 kB
WritebackTmp:          0 kB
CommitLimit:     4022816 kB
Committed_AS:   12151208 kB
VmallocTotal:     122880 kB
VmallocUsed:       19160 kB
VmallocChunk:      99184 kB
HardwareCorrupted:     0 kB
AnonHugePages:    542720 kB
HugePages_Total:       0
HugePages_Free:        0
HugePages_Rsvd:        0
HugePages_Surp:        0
Hugepagesize:       2048 kB
DirectMap4k:       20472 kB
DirectMap2M:      890880 kB


CPU:total 4 (2 cores per cpu, 2 threads per core) family 6 model 42 stepping 7, cmov, cx8, fxsr, mmx, sse, sse2, sse3, ssse3, sse4.1, sse4.2, popcnt, avx, ht, tsc, tscinvbit

/proc/cpuinfo:
processor	: 0
vendor_id	: GenuineIntel
cpu family	: 6
model		: 42
model name	: Intel(R) Core(TM) i3-2100 CPU @ 3.10GHz
stepping	: 7
microcode	: 0x14
cpu MHz		: 3100.000
cache size	: 3072 KB
physical id	: 0
siblings	: 4
core id		: 0
cpu cores	: 2
apicid		: 0
initial apicid	: 0
fdiv_bug	: no
f00f_bug	: no
coma_bug	: no
fpu		: yes
fpu_exception	: yes
cpuid level	: 13
wp		: yes
flags		: fpu vme de pse tsc msr pae mce cx8 apic sep mtrr pge mca cmov pat pse36 clflush dts acpi mmx fxsr sse sse2 ss ht tm pbe nx rdtscp lm constant_tsc arch_perfmon pebs bts xtopology nonstop_tsc aperfmperf eagerfpu pni pclmulqdq dtes64 monitor ds_cpl vmx est tm2 ssse3 cx16 xtpr pdcm pcid sse4_1 sse4_2 popcnt tsc_deadline_timer xsave avx lahf_lm arat epb xsaveopt pln pts dtherm tpr_shadow vnmi flexpriority ept vpid
bogomips	: 6186.02
clflush size	: 64
cache_alignment	: 64
address sizes	: 36 bits physical, 48 bits virtual
power management:

processor	: 1
vendor_id	: GenuineIntel
cpu family	: 6
model		: 42
model name	: Intel(R) Core(TM) i3-2100 CPU @ 3.10GHz
stepping	: 7
microcode	: 0x14
cpu MHz		: 1600.000
cache size	: 3072 KB
physical id	: 0
siblings	: 4
core id		: 1
cpu cores	: 2
apicid		: 2
initial apicid	: 2
fdiv_bug	: no
f00f_bug	: no
coma_bug	: no
fpu		: yes
fpu_exception	: yes
cpuid level	: 13
wp		: yes
flags		: fpu vme de pse tsc msr pae mce cx8 apic sep mtrr pge mca cmov pat pse36 clflush dts acpi mmx fxsr sse sse2 ss ht tm pbe nx rdtscp lm constant_tsc arch_perfmon pebs bts xtopology nonstop_tsc aperfmperf eagerfpu pni pclmulqdq dtes64 monitor ds_cpl vmx est tm2 ssse3 cx16 xtpr pdcm pcid sse4_1 sse4_2 popcnt tsc_deadline_timer xsave avx lahf_lm arat epb xsaveopt pln pts dtherm tpr_shadow vnmi flexpriority ept vpid
bogomips	: 6186.02
clflush size	: 64
cache_alignment	: 64
address sizes	: 36 bits physical, 48 bits virtual
power management:

processor	: 2
vendor_id	: GenuineIntel
cpu family	: 6
model		: 42
model name	: Intel(R) Core(TM) i3-2100 CPU @ 3.10GHz
stepping	: 7
microcode	: 0x14
cpu MHz		: 1600.000
cache size	: 3072 KB
physical id	: 0
siblings	: 4
core id		: 0
cpu cores	: 2
apicid		: 1
initial apicid	: 1
fdiv_bug	: no
f00f_bug	: no
coma_bug	: no
fpu		: yes
fpu_exception	: yes
cpuid level	: 13
wp		: yes
flags		: fpu vme de pse tsc msr pae mce cx8 apic sep mtrr pge mca cmov pat pse36 clflush dts acpi mmx fxsr sse sse2 ss ht tm pbe nx rdtscp lm constant_tsc arch_perfmon pebs bts xtopology nonstop_tsc aperfmperf eagerfpu pni pclmulqdq dtes64 monitor ds_cpl vmx est tm2 ssse3 cx16 xtpr pdcm pcid sse4_1 sse4_2 popcnt tsc_deadline_timer xsave avx lahf_lm arat epb xsaveopt pln pts dtherm tpr_shadow vnmi flexpriority ept vpid
bogomips	: 6186.02
clflush size	: 64
cache_alignment	: 64
address sizes	: 36 bits physical, 48 bits virtual
power management:

processor	: 3
vendor_id	: GenuineIntel
cpu family	: 6
model		: 42
model name	: Intel(R) Core(TM) i3-2100 CPU @ 3.10GHz
stepping	: 7
microcode	: 0x14
cpu MHz		: 1600.000
cache size	: 3072 KB
physical id	: 0
siblings	: 4
core id		: 1
cpu cores	: 2
apicid		: 3
initial apicid	: 3
fdiv_bug	: no
f00f_bug	: no
coma_bug	: no
fpu		: yes
fpu_exception	: yes
cpuid level	: 13
wp		: yes
flags		: fpu vme de pse tsc msr pae mce cx8 apic sep mtrr pge mca cmov pat pse36 clflush dts acpi mmx fxsr sse sse2 ss ht tm pbe nx rdtscp lm constant_tsc arch_perfmon pebs bts xtopology nonstop_tsc aperfmperf eagerfpu pni pclmulqdq dtes64 monitor ds_cpl vmx est tm2 ssse3 cx16 xtpr pdcm pcid sse4_1 sse4_2 popcnt tsc_deadline_timer xsave avx lahf_lm arat epb xsaveopt pln pts dtherm tpr_shadow vnmi flexpriority ept vpid
bogomips	: 6186.02
clflush size	: 64
cache_alignment	: 64
address sizes	: 36 bits physical, 48 bits virtual
power management:



Memory: 4k page, physical 4041804k(244932k free), swap 2001916k(13452k free)

vm_info: Java HotSpot(TM) Server VM (24.65-b04) for linux-x86 JRE (1.7.0_65-b17), built on Jun 16 2014 20:30:14 by "java_re" with gcc 4.3.0 20080428 (Red Hat 4.3.0-8)

time: Fri Jan 23 20:06:01 2015
elapsed time: 30 seconds

