#
# There is insufficient memory for the Java Runtime Environment to continue.
# Native memory allocation (malloc) failed to allocate 314834944 bytes for committing reserved memory.
# Possible reasons:
#   The system is out of physical RAM or swap space
#   In 32 bit mode, the process size limit was hit
# Possible solutions:
#   Reduce memory load on the system
#   Increase physical memory or swap space
#   Check if swap backing store is full
#   Use 64 bit Java on a 64 bit OS
#   Decrease Java heap size (-Xmx/-Xms)
#   Decrease number of Java threads
#   Decrease Java thread stack sizes (-Xss)
#   Set larger code cache with -XX:ReservedCodeCacheSize=
# This output file may be truncated or incomplete.
#
#  Out of Memory Error (os_linux.cpp:2745), pid=24223, tid=3061496640
#
# JRE version: Java(TM) SE Runtime Environment (7.0_65-b17) (build 1.7.0_65-b17)
# Java VM: Java HotSpot(TM) Server VM (24.65-b04 mixed mode linux-x86 )
# Failed to write core dump. Core dumps have been disabled. To enable core dumping, try "ulimit -c unlimited" before starting Java again
#

---------------  T H R E A D  ---------------

Current thread (0xb6607400):  JavaThread "main" [_thread_in_vm, id=24229, stack(0xb675b000,0xb67ac000)]

Stack: [0xb675b000,0xb67ac000],  sp=0xb67aaa80,  free space=318k
Native frames: (J=compiled Java code, j=interpreted, Vv=VM code, C=native code)
V  [libjvm.so+0x7e6b76]  VMError::report_and_die()+0x1a6
V  [libjvm.so+0x33d852]  report_vm_out_of_memory(char const*, int, unsigned int, char const*)+0x72
V  [libjvm.so+0x684cf1]  os::Linux::commit_memory_impl(char*, unsigned int, bool)+0xe1
V  [libjvm.so+0x6851b8]  os::pd_commit_memory(char*, unsigned int, unsigned int, bool)+0x28
V  [libjvm.so+0x67e92c]  os::commit_memory(char*, unsigned int, unsigned int, bool)+0x2c
V  [libjvm.so+0x6e8518]  PSVirtualSpace::expand_by(unsigned int)+0x48
V  [libjvm.so+0x6da75e]  PSOldGen::expand_by(unsigned int)+0x2e
V  [libjvm.so+0x6da998]  PSOldGen::expand(unsigned int)+0x178
V  [libjvm.so+0x6dabbb]  PSOldGen::expand_and_allocate(unsigned int)+0x1b
V  [libjvm.so+0x6dac81]  PSOldGen::allocate(unsigned int)+0x81
V  [libjvm.so+0x6a43f6]  ParallelScavengeHeap::mem_allocate(unsigned int, bool*)+0xb6
V  [libjvm.so+0x7b8a1d]  typeArrayKlass::allocate_common(int, bool, Thread*)+0x2ad
V  [libjvm.so+0x6772f3]  oopFactory::new_typeArray_nozero(BasicType, int, Thread*)+0x23
V  [libjvm.so+0x7052e8]  OptoRuntime::new_array_nozero_C(klassOopDesc*, int, JavaThread*)+0x38

Java frames: (J=compiled Java code, j=interpreted, Vv=VM code)
v  ~RuntimeStub::_new_array_nozero_Java
J 133% C2 ReadjsonMacys.getParsedData(Ljava/lang/String;)Ljava/lang/String; (176 bytes) @ 0xb364e2e8 [0xb364dce0+0x608]
j  ReadjsonMacys.updateTags(Ljava/lang/String;Ljava/lang/String;Ljava/lang/String;)V+6
j  ReadjsonMacys.main([Ljava/lang/String;)V+6
v  ~StubRoutines::call_stub

---------------  P R O C E S S  ---------------

Java Threads: ( => current thread )
  0x6e69a800 JavaThread "Service Thread" daemon [_thread_blocked, id=24241, stack(0x6df2e000,0x6df7f000)]
  0x6e698c00 JavaThread "C2 CompilerThread1" daemon [_thread_blocked, id=24240, stack(0x6df7f000,0x6e000000)]
  0x6e696c00 JavaThread "C2 CompilerThread0" daemon [_thread_blocked, id=24239, stack(0x6e32e000,0x6e3af000)]
  0x6e695000 JavaThread "Signal Dispatcher" daemon [_thread_blocked, id=24238, stack(0x6e3af000,0x6e400000)]
  0x6e685800 JavaThread "Finalizer" daemon [_thread_blocked, id=24237, stack(0x6e52e000,0x6e57f000)]
  0x6e683c00 JavaThread "Reference Handler" daemon [_thread_blocked, id=24236, stack(0x70f2e000,0x70f7f000)]
=>0xb6607400 JavaThread "main" [_thread_in_vm, id=24229, stack(0xb675b000,0xb67ac000)]

Other Threads:
  0x6e681400 VMThread [stack: 0x6e57f000,0x6e600000] [id=24235]
  0x6e69c800 WatcherThread [stack: 0x6dead000,0x6df2e000] [id=24242]

VM state:not at safepoint (normal execution)

VM Mutex/Monitor currently owned by a thread:  ([mutex/lock_event])
[0xb6604808] ExpandHeap_lock - owner thread: 0xb6607400
[0xb6605160] Heap_lock - owner thread: 0xb6607400

Heap
 PSYoungGen      total 115968K, used 11125K [0x9eb80000, 0xa9780000, 0xb3500000)
  eden space 64512K, 17% used [0x9eb80000,0x9f659428,0xa2a80000)
  from space 51456K, 0% used [0xa2a80000,0xa2a84000,0xa5cc0000)
  to   space 50432K, 0% used [0xa6640000,0xa6640000,0xa9780000)
 ParOldGen       total 366848K, used 266595K [0x75900000, 0x8bf40000, 0x9eb80000)
  object space 366848K, 72% used [0x75900000,0x85d58e40,0x8bf40000)
 PSPermGen       total 16384K, used 1949K [0x71900000, 0x72900000, 0x75900000)
  object space 16384K, 11% used [0x71900000,0x71ae7600,0x72900000)

Card table byte_map: [0x716f1000,0x71900000] byte_map_base: 0x71364800

Polling page: 0xb76ec000

Code Cache  [0xb35c2000, 0xb3802000, 0xb65c2000)
 total_blobs=265 nmethods=151 adapters=68 free_code_cache=48549Kb largest_free_block=49687168

Compilation events (10 events):
Event: 427.490 Thread 0x6e696c00  147             java.io.BufferedReader::fill (170 bytes)
Event: 427.491 Thread 0x6e698c00  148             java.io.InputStreamReader::read (11 bytes)
Event: 429.385 Thread 0x6e698c00 nmethod 148 0xb3656c08 code [0xb3656d80, 0xb3657390]
Event: 429.385 Thread 0x6e698c00  149             java.nio.HeapByteBuffer::compact (52 bytes)
Event: 429.386 Thread 0x6e696c00 nmethod 147 0xb3657748 code [0xb3657960, 0xb365898c]
Event: 429.386 Thread 0x6e696c00  150             java.nio.Buffer::capacity (5 bytes)
Event: 429.386 Thread 0x6e696c00 nmethod 150 0xb364f1c8 code [0xb364f2a0, 0xb364f2f0]
Event: 429.386 Thread 0x6e696c00  151             java.nio.Buffer::discardMark (6 bytes)
Event: 429.386 Thread 0x6e696c00 nmethod 151 0xb3656a88 code [0xb3656b60, 0xb3656bb0]
Event: 429.388 Thread 0x6e698c00 nmethod 149 0xb3656748 code [0xb3656840, 0xb3656970]

GC Heap History (10 events):
Event: 13.451 GC heap before
{Heap before GC invocations=14 (full 2):
 PSYoungGen      total 100096K, used 49872K [0x9eb80000, 0xa8e40000, 0xb3500000)
  eden space 43264K, 100% used [0x9eb80000,0xa15c0000,0xa15c0000)
  from space 56832K, 11% used [0xa15c0000,0xa1c34030,0xa4d40000)
  to   space 55552K, 0% used [0xa5800000,0xa5800000,0xa8e40000)
 ParOldGen       total 307200K, used 269534K [0x75900000, 0x88500000, 0x9eb80000)
  object space 307200K, 87% used [0x75900000,0x86037958,0x88500000)
 PSPermGen       total 16384K, used 1949K [0x71900000, 0x72900000, 0x75900000)
  object space 16384K, 11% used [0x71900000,0x71ae7610,0x72900000)
Event: 13.458 GC heap after
Heap after GC invocations=14 (full 2):
 PSYoungGen      total 104448K, used 6608K [0x9eb80000, 0xa8980000, 0xb3500000)
  eden space 53760K, 0% used [0x9eb80000,0x9eb80000,0xa2000000)
  from space 50688K, 13% used [0xa5800000,0xa5e74030,0xa8980000)
  to   space 54016K, 0% used [0xa2000000,0xa2000000,0xa54c0000)
 ParOldGen       total 307200K, used 269534K [0x75900000, 0x88500000, 0x9eb80000)
  object space 307200K, 87% used [0x75900000,0x86037958,0x88500000)
 PSPermGen       total 16384K, used 1949K [0x71900000, 0x72900000, 0x75900000)
  object space 16384K, 11% used [0x71900000,0x71ae7610,0x72900000)
}
Event: 364.240 GC heap before
{Heap before GC invocations=15 (full 2):
 PSYoungGen      total 104448K, used 60368K [0x9eb80000, 0xa8980000, 0xb3500000)
  eden space 53760K, 100% used [0x9eb80000,0xa2000000,0xa2000000)
  from space 50688K, 13% used [0xa5800000,0xa5e74030,0xa8980000)
  to   space 54016K, 0% used [0xa2000000,0xa2000000,0xa54c0000)
 ParOldGen       total 538880K, used 501086K [0x75900000, 0x96740000, 0x9eb80000)
  object space 538880K, 92% used [0x75900000,0x94257960,0x96740000)
 PSPermGen       total 16384K, used 1949K [0x71900000, 0x72900000, 0x75900000)
  object space 16384K, 11% used [0x71900000,0x71ae7610,0x72900000)
Event: 382.700 GC heap after
Heap after GC invocations=15 (full 2):
 PSYoungGen      total 107776K, used 6584K [0x9eb80000, 0xa90c0000, 0xb3500000)
  eden space 53760K, 0% used [0x9eb80000,0x9eb80000,0xa2000000)
  from space 54016K, 12% used [0xa2000000,0xa266e040,0xa54c0000)
  to   space 52224K, 0% used [0xa5dc0000,0xa5dc0000,0xa90c0000)
 ParOldGen       total 538880K, used 501086K [0x75900000, 0x96740000, 0x9eb80000)
  object space 538880K, 92% used [0x75900000,0x94257960,0x96740000)
 PSPermGen       total 16384K, used 1949K [0x71900000, 0x72900000, 0x75900000)
  object space 16384K, 11% used [0x71900000,0x71ae7610,0x72900000)
}
Event: 382.749 GC heap before
{Heap before GC invocations=16 (full 3):
 PSYoungGen      total 107776K, used 6584K [0x9eb80000, 0xa90c0000, 0xb3500000)
  eden space 53760K, 0% used [0x9eb80000,0x9eb80000,0xa2000000)
  from space 54016K, 12% used [0xa2000000,0xa266e040,0xa54c0000)
  to   space 52224K, 0% used [0xa5dc0000,0xa5dc0000,0xa90c0000)
 ParOldGen       total 538880K, used 501086K [0x75900000, 0x96740000, 0x9eb80000)
  object space 538880K, 92% used [0x75900000,0x94257960,0x96740000)
 PSPermGen       total 16384K, used 1949K [0x71900000, 0x72900000, 0x75900000)
  object space 16384K, 11% used [0x71900000,0x71ae7610,0x72900000)
Event: 416.121 GC heap after
Heap after GC invocations=16 (full 3):
 PSYoungGen      total 107776K, used 0K [0x9eb80000, 0xa90c0000, 0xb3500000)
  eden space 53760K, 0% used [0x9eb80000,0x9eb80000,0xa2000000)
  from space 54016K, 0% used [0xa2000000,0xa2000000,0xa54c0000)
  to   space 52224K, 0% used [0xa5dc0000,0xa5dc0000,0xa90c0000)
 ParOldGen       total 366848K, used 266595K [0x75900000, 0x8bf40000, 0x9eb80000)
  object space 366848K, 72% used [0x75900000,0x85d58e40,0x8bf40000)
 PSPermGen       total 16384K, used 1949K [0x71900000, 0x72900000, 0x75900000)
  object space 16384K, 11% used [0x71900000,0x71ae7600,0x72900000)
}
Event: 431.596 GC heap before
{Heap before GC invocations=17 (full 3):
 PSYoungGen      total 107776K, used 53760K [0x9eb80000, 0xa90c0000, 0xb3500000)
  eden space 53760K, 100% used [0x9eb80000,0xa2000000,0xa2000000)
  from space 54016K, 0% used [0xa2000000,0xa2000000,0xa54c0000)
  to   space 52224K, 0% used [0xa5dc0000,0xa5dc0000,0xa90c0000)
 ParOldGen       total 366848K, used 266595K [0x75900000, 0x8bf40000, 0x9eb80000)
  object space 366848K, 72% used [0x75900000,0x85d58e40,0x8bf40000)
 PSPermGen       total 16384K, used 1949K [0x71900000, 0x72900000, 0x75900000)
  object space 16384K, 11% used [0x71900000,0x71ae7600,0x72900000)
Event: 431.627 GC heap after
Heap after GC invocations=17 (full 3):
 PSYoungGen      total 114944K, used 32K [0x9eb80000, 0xa8f00000, 0xb3500000)
  eden space 64512K, 0% used [0x9eb80000,0x9eb80000,0xa2a80000)
  from space 50432K, 0% used [0xa5dc0000,0xa5dc8000,0xa8f00000)
  to   space 51456K, 0% used [0xa2a80000,0xa2a80000,0xa5cc0000)
 ParOldGen       total 366848K, used 266595K [0x75900000, 0x8bf40000, 0x9eb80000)
  object space 366848K, 72% used [0x75900000,0x85d58e40,0x8bf40000)
 PSPermGen       total 16384K, used 1949K [0x71900000, 0x72900000, 0x75900000)
  object space 16384K, 11% used [0x71900000,0x71ae7600,0x72900000)
}
Event: 439.832 GC heap before
{Heap before GC invocations=18 (full 3):
 PSYoungGen      total 114944K, used 64544K [0x9eb80000, 0xa8f00000, 0xb3500000)
  eden space 64512K, 100% used [0x9eb80000,0xa2a80000,0xa2a80000)
  from space 50432K, 0% used [0xa5dc0000,0xa5dc8000,0xa8f00000)
  to   space 51456K, 0% used [0xa2a80000,0xa2a80000,0xa5cc0000)
 ParOldGen       total 366848K, used 266595K [0x75900000, 0x8bf40000, 0x9eb80000)
  object space 366848K, 72% used [0x75900000,0x85d58e40,0x8bf40000)
 PSPermGen       total 16384K, used 1949K [0x71900000, 0x72900000, 0x75900000)
  object space 16384K, 11% used [0x71900000,0x71ae7600,0x72900000)
Event: 439.878 GC heap after
Heap after GC invocations=18 (full 3):
 PSYoungGen      total 115968K, used 16K [0x9eb80000, 0xa9780000, 0xb3500000)
  eden space 64512K, 0% used [0x9eb80000,0x9eb80000,0xa2a80000)
  from space 51456K, 0% used [0xa2a80000,0xa2a84000,0xa5cc0000)
  to   space 50432K, 0% used [0xa6640000,0xa6640000,0xa9780000)
 ParOldGen       total 366848K, used 266595K [0x75900000, 0x8bf40000, 0x9eb80000)
  object space 366848K, 72% used [0x75900000,0x85d58e40,0x8bf40000)
 PSPermGen       total 16384K, used 1949K [0x71900000, 0x72900000, 0x75900000)
  object space 16384K, 11% used [0x71900000,0x71ae7600,0x72900000)
}

Deoptimization events (10 events):
Event: 2.562 Thread 0xb6607400 Uncommon trap: reason=unreached action=reinterpret pc=0xb361f404 method=java.util.LinkedList.unlinkFirst(Ljava/util/LinkedList$Node;)Ljava/lang/Object; @ 26
Event: 2.562 Thread 0xb6607400 Uncommon trap: reason=class_check action=maybe_recompile pc=0xb361bef4 method=java.util.HashMap.put(Ljava/lang/Object;Ljava/lang/Object;)Ljava/lang/Object; @ 137
Event: 2.562 Thread 0xb6607400 Uncommon trap: reason=class_check action=maybe_recompile pc=0xb361e474 method=java.util.HashMap.addEntry(ILjava/lang/Object;Ljava/lang/Object;I)V @ 65
Event: 2.562 Thread 0xb6607400 Uncommon trap: reason=class_check action=maybe_recompile pc=0xb361bef4 method=java.util.HashMap.put(Ljava/lang/Object;Ljava/lang/Object;)Ljava/lang/Object; @ 137
Event: 2.562 Thread 0xb6607400 Uncommon trap: reason=class_check action=maybe_recompile pc=0xb361e474 method=java.util.HashMap.addEntry(ILjava/lang/Object;Ljava/lang/Object;I)V @ 65
Event: 2.562 Thread 0xb6607400 Uncommon trap: reason=class_check action=maybe_recompile pc=0xb361bef4 method=java.util.HashMap.put(Ljava/lang/Object;Ljava/lang/Object;)Ljava/lang/Object; @ 137
Event: 2.562 Thread 0xb6607400 Uncommon trap: reason=class_check action=maybe_recompile pc=0xb361e474 method=java.util.HashMap.addEntry(ILjava/lang/Object;Ljava/lang/Object;I)V @ 65
Event: 2.562 Thread 0xb6607400 Uncommon trap: reason=class_check action=maybe_recompile pc=0xb361bef4 method=java.util.HashMap.put(Ljava/lang/Object;Ljava/lang/Object;)Ljava/lang/Object; @ 137
Event: 2.562 Thread 0xb6607400 Uncommon trap: reason=class_check action=maybe_recompile pc=0xb361e474 method=java.util.HashMap.addEntry(ILjava/lang/Object;Ljava/lang/Object;I)V @ 65
Event: 3.498 Thread 0xb6607400 Uncommon trap: reason=unreached action=reinterpret pc=0xb3627af8 method=java.lang.String.equals(Ljava/lang/Object;)Z @ 2

Internal exceptions (10 events):
Event: 2.042 Thread 0xb6607400 Threw 0xa084ed38 at /HUDSON/workspace/7u-2-build-linux-i586/jdk7u65/1224/hotspot/src/share/vm/prims/jvm.cpp:1244
Event: 2.043 Thread 0xb6607400 Threw 0xa0855740 at /HUDSON/workspace/7u-2-build-linux-i586/jdk7u65/1224/hotspot/src/share/vm/prims/jvm.cpp:1244
Event: 2.047 Thread 0xb6607400 Threw 0xa0880e80 at /HUDSON/workspace/7u-2-build-linux-i586/jdk7u65/1224/hotspot/src/share/vm/prims/jvm.cpp:1244
Event: 2.048 Thread 0xb6607400 Threw 0xa0883d90 at /HUDSON/workspace/7u-2-build-linux-i586/jdk7u65/1224/hotspot/src/share/vm/prims/jvm.cpp:1244
Event: 2.048 Thread 0xb6607400 Threw 0xa088f048 at /HUDSON/workspace/7u-2-build-linux-i586/jdk7u65/1224/hotspot/src/share/vm/prims/jvm.cpp:1244
Event: 2.048 Thread 0xb6607400 Threw 0xa08910b8 at /HUDSON/workspace/7u-2-build-linux-i586/jdk7u65/1224/hotspot/src/share/vm/prims/jvm.cpp:1244
Event: 2.049 Thread 0xb6607400 Threw 0xa0893590 at /HUDSON/workspace/7u-2-build-linux-i586/jdk7u65/1224/hotspot/src/share/vm/prims/jvm.cpp:1244
Event: 2.081 Thread 0xb6607400 Threw 0xa0a0db98 at /HUDSON/workspace/7u-2-build-linux-i586/jdk7u65/1224/hotspot/src/share/vm/prims/jvm.cpp:1244
Event: 2.562 Thread 0xb6607400 Implicit null exception at 0xb3628dd9 to 0xb362a65d
Event: 2.562 Thread 0xb6607400 Implicit null exception at 0xb361f3bd to 0xb361f3ed

Events (10 events):
Event: 4.265 Executing VM operation: ParallelGCFailedAllocation
Event: 4.283 Executing VM operation: ParallelGCFailedAllocation done
Event: 13.451 Executing VM operation: ParallelGCFailedAllocation
Event: 13.458 Executing VM operation: ParallelGCFailedAllocation done
Event: 357.447 Executing VM operation: ParallelGCFailedAllocation
Event: 416.215 Executing VM operation: ParallelGCFailedAllocation done
Event: 431.590 Executing VM operation: ParallelGCFailedAllocation
Event: 431.627 Executing VM operation: ParallelGCFailedAllocation done
Event: 439.832 Executing VM operation: ParallelGCFailedAllocation
Event: 439.878 Executing VM operation: ParallelGCFailedAllocation done


Dynamic libraries:
08048000-08049000 r-xp 00000000 08:06 8786747    /usr/local/java/jdk1.7.0_65/bin/java
08049000-0804a000 rw-p 00000000 08:06 8786747    /usr/local/java/jdk1.7.0_65/bin/java
096e9000-0975e000 rw-p 00000000 00:00 0          [heap]
6d900000-6d9c6000 rw-p 00000000 00:00 0 
6d9c6000-6da00000 ---p 00000000 00:00 0 
6db00000-6dbff000 rw-p 00000000 00:00 0 
6dbff000-6dc00000 ---p 00000000 00:00 0 
6dd00000-6dde1000 rw-p 00000000 00:00 0 
6dde1000-6de00000 ---p 00000000 00:00 0 
6dead000-6deae000 ---p 00000000 00:00 0 
6deae000-6df2e000 rw-p 00000000 00:00 0          [stack:24242]
6df2e000-6df31000 ---p 00000000 00:00 0 
6df31000-6df7f000 rw-p 00000000 00:00 0          [stack:24241]
6df7f000-6df82000 ---p 00000000 00:00 0 
6df82000-6e000000 rw-p 00000000 00:00 0          [stack:24240]
6e000000-6e200000 r--p 00000000 08:06 8396945    /usr/lib/locale/locale-archive
6e200000-6e221000 rw-p 00000000 00:00 0 
6e221000-6e300000 ---p 00000000 00:00 0 
6e32e000-6e331000 ---p 00000000 00:00 0 
6e331000-6e3af000 rw-p 00000000 00:00 0          [stack:24239]
6e3af000-6e3b2000 ---p 00000000 00:00 0 
6e3b2000-6e400000 rw-p 00000000 00:00 0          [stack:24238]
6e400000-6e4fa000 rw-p 00000000 00:00 0 
6e4fa000-6e500000 ---p 00000000 00:00 0 
6e52e000-6e531000 ---p 00000000 00:00 0 
6e531000-6e57f000 rw-p 00000000 00:00 0          [stack:24237]
6e57f000-6e580000 ---p 00000000 00:00 0 
6e580000-6e600000 rw-p 00000000 00:00 0          [stack:24235]
6e600000-6e6da000 rw-p 00000000 00:00 0 
6e6da000-6e700000 ---p 00000000 00:00 0 
6e745000-6e904000 r--s 039e5000 08:06 8657350    /usr/local/java/jdk1.7.0_65/jre/lib/rt.jar
6e904000-70e00000 rw-p 00000000 00:00 0 
70e00000-70eff000 rw-p 00000000 00:00 0 
70eff000-70f00000 ---p 00000000 00:00 0 
70f2e000-70f31000 ---p 00000000 00:00 0 
70f31000-70f7f000 rw-p 00000000 00:00 0          [stack:24236]
70f7f000-70f80000 ---p 00000000 00:00 0 
70f80000-71000000 rw-p 00000000 00:00 0          [stack:24234]
71000000-71021000 rw-p 00000000 00:00 0 
71021000-71100000 ---p 00000000 00:00 0 
71134000-7117f000 rw-p 00000000 00:00 0 
7117f000-71180000 ---p 00000000 00:00 0 
71180000-71200000 rw-p 00000000 00:00 0          [stack:24233]
71200000-71221000 rw-p 00000000 00:00 0 
71221000-71300000 ---p 00000000 00:00 0 
7130b000-7137f000 rw-p 00000000 00:00 0 
7137f000-71380000 ---p 00000000 00:00 0 
71380000-71400000 rw-p 00000000 00:00 0          [stack:24232]
71400000-71421000 rw-p 00000000 00:00 0 
71421000-71500000 ---p 00000000 00:00 0 
71506000-71507000 ---p 00000000 00:00 0 
71507000-7158f000 rw-p 00000000 00:00 0          [stack:24231]
7158f000-715a7000 rw-p 00000000 00:00 0 
715a7000-7165b000 rw-p 00000000 00:00 0 
7165b000-716af000 ---p 00000000 00:00 0 
716af000-716f1000 rw-p 00000000 00:00 0 
716f1000-716f9000 rw-p 00000000 00:00 0 
716f9000-71711000 rw-p 00000000 00:00 0 
71711000-717c5000 rw-p 00000000 00:00 0 
717c5000-71819000 ---p 00000000 00:00 0 
71819000-7185a000 rw-p 00000000 00:00 0 
7185a000-718b1000 rw-p 00000000 00:00 0 
718b1000-718ff000 rw-p 00000000 00:00 0 
718ff000-72900000 rw-p 00000000 00:00 0 
72900000-75900000 rw-p 00000000 00:00 0 
75900000-8bf40000 rw-p 00000000 00:00 0 
9e965000-a9780000 rw-p 00000000 00:00 0 
a9780000-b3500000 rw-p 00000000 00:00 0 
b3502000-b350b000 rw-p 00000000 00:00 0 
b350b000-b35c2000 rw-p 00000000 00:00 0 
b35c2000-b3802000 rwxp 00000000 00:00 0 
b3802000-b65c2000 rw-p 00000000 00:00 0 
b65c2000-b65d9000 r-xp 00000000 08:06 8786677    /usr/local/java/jdk1.7.0_65/jre/lib/i386/libzip.so
b65d9000-b65da000 rw-p 00017000 08:06 8786677    /usr/local/java/jdk1.7.0_65/jre/lib/i386/libzip.so
b65da000-b65e5000 r-xp 00000000 08:06 17565293   /lib/i386-linux-gnu/libnss_files-2.19.so
b65e5000-b65e6000 r--p 0000a000 08:06 17565293   /lib/i386-linux-gnu/libnss_files-2.19.so
b65e6000-b65e7000 rw-p 0000b000 08:06 17565293   /lib/i386-linux-gnu/libnss_files-2.19.so
b65e7000-b65fc000 r-xp 00000000 08:06 17565299   /lib/i386-linux-gnu/libnsl-2.19.so
b65fc000-b65fd000 r--p 00015000 08:06 17565299   /lib/i386-linux-gnu/libnsl-2.19.so
b65fd000-b65fe000 rw-p 00016000 08:06 17565299   /lib/i386-linux-gnu/libnsl-2.19.so
b65fe000-b6600000 rw-p 00000000 00:00 0 
b6600000-b66f5000 rw-p 00000000 00:00 0 
b66f5000-b6700000 ---p 00000000 00:00 0 
b6704000-b670e000 r-xp 00000000 08:06 17565302   /lib/i386-linux-gnu/libnss_nis-2.19.so
b670e000-b670f000 r--p 00009000 08:06 17565302   /lib/i386-linux-gnu/libnss_nis-2.19.so
b670f000-b6710000 rw-p 0000a000 08:06 17565302   /lib/i386-linux-gnu/libnss_nis-2.19.so
b6710000-b6717000 r-xp 00000000 08:06 17565294   /lib/i386-linux-gnu/libnss_compat-2.19.so
b6717000-b6718000 r--p 00006000 08:06 17565294   /lib/i386-linux-gnu/libnss_compat-2.19.so
b6718000-b6719000 rw-p 00007000 08:06 17565294   /lib/i386-linux-gnu/libnss_compat-2.19.so
b6726000-b672e000 rw-s 00000000 08:06 18615329   /tmp/hsperfdata_vazeer/24223
b672e000-b6751000 r-xp 00000000 08:06 8786647    /usr/local/java/jdk1.7.0_65/jre/lib/i386/libjava.so
b6751000-b6752000 rw-p 00023000 08:06 8786647    /usr/local/java/jdk1.7.0_65/jre/lib/i386/libjava.so
b6752000-b6759000 r-xp 00000000 08:06 17565298   /lib/i386-linux-gnu/librt-2.19.so
b6759000-b675a000 r--p 00006000 08:06 17565298   /lib/i386-linux-gnu/librt-2.19.so
b675a000-b675b000 rw-p 00007000 08:06 17565298   /lib/i386-linux-gnu/librt-2.19.so
b675b000-b675e000 ---p 00000000 00:00 0 
b675e000-b67ac000 rw-p 00000000 00:00 0          [stack:24229]
b67ac000-b67f0000 r-xp 00000000 08:06 17565300   /lib/i386-linux-gnu/libm-2.19.so
b67f0000-b67f1000 r--p 00043000 08:06 17565300   /lib/i386-linux-gnu/libm-2.19.so
b67f1000-b67f2000 rw-p 00044000 08:06 17565300   /lib/i386-linux-gnu/libm-2.19.so
b67f2000-b7075000 r-xp 00000000 08:06 8786686    /usr/local/java/jdk1.7.0_65/jre/lib/i386/server/libjvm.so
b7075000-b70d9000 rw-p 00882000 08:06 8786686    /usr/local/java/jdk1.7.0_65/jre/lib/i386/server/libjvm.so
b70d9000-b74fe000 rw-p 00000000 00:00 0 
b74fe000-b76a7000 r-xp 00000000 08:06 17565305   /lib/i386-linux-gnu/libc-2.19.so
b76a7000-b76a8000 ---p 001a9000 08:06 17565305   /lib/i386-linux-gnu/libc-2.19.so
b76a8000-b76aa000 r--p 001a9000 08:06 17565305   /lib/i386-linux-gnu/libc-2.19.so
b76aa000-b76ab000 rw-p 001ab000 08:06 17565305   /lib/i386-linux-gnu/libc-2.19.so
b76ab000-b76ae000 rw-p 00000000 00:00 0 
b76ae000-b76b1000 r-xp 00000000 08:06 17565316   /lib/i386-linux-gnu/libdl-2.19.so
b76b1000-b76b2000 r--p 00002000 08:06 17565316   /lib/i386-linux-gnu/libdl-2.19.so
b76b2000-b76b3000 rw-p 00003000 08:06 17565316   /lib/i386-linux-gnu/libdl-2.19.so
b76b3000-b76c6000 r-xp 00000000 08:06 8923349    /usr/local/java/jdk1.7.0_65/lib/i386/jli/libjli.so
b76c6000-b76c7000 rw-p 00012000 08:06 8923349    /usr/local/java/jdk1.7.0_65/lib/i386/jli/libjli.so
b76c7000-b76df000 r-xp 00000000 08:06 17565314   /lib/i386-linux-gnu/libpthread-2.19.so
b76df000-b76e0000 r--p 00017000 08:06 17565314   /lib/i386-linux-gnu/libpthread-2.19.so
b76e0000-b76e1000 rw-p 00018000 08:06 17565314   /lib/i386-linux-gnu/libpthread-2.19.so
b76e1000-b76e4000 rw-p 00000000 00:00 0 
b76e8000-b76e9000 rw-p 00000000 00:00 0 
b76e9000-b76ea000 r--s 00003000 08:06 18353231   /home/vazeer/workspace/Imagga/libs/json_simple-1.1.jar
b76ea000-b76eb000 r--p 00850000 08:06 8396945    /usr/lib/locale/locale-archive
b76eb000-b76ec000 rw-p 00000000 00:00 0 
b76ec000-b76ed000 r--p 00000000 00:00 0 
b76ed000-b76f8000 r-xp 00000000 08:06 8786701    /usr/local/java/jdk1.7.0_65/jre/lib/i386/libverify.so
b76f8000-b76f9000 rw-p 0000b000 08:06 8786701    /usr/local/java/jdk1.7.0_65/jre/lib/i386/libverify.so
b76f9000-b76fb000 rw-p 00000000 00:00 0 
b76fb000-b76fc000 r-xp 00000000 00:00 0          [vdso]
b76fc000-b771c000 r-xp 00000000 08:06 17565315   /lib/i386-linux-gnu/ld-2.19.so
b771c000-b771d000 r--p 0001f000 08:06 17565315   /lib/i386-linux-gnu/ld-2.19.so
b771d000-b771e000 rw-p 00020000 08:06 17565315   /lib/i386-linux-gnu/ld-2.19.so
bfbca000-bfbcb000 rwxp 00000000 00:00 0 
bfbfd000-bfc1e000 rw-p 00000000 00:00 0          [stack]

VM Arguments:
jvm_args: -Dfile.encoding=UTF-8 
java_command: ReadjsonMacys
Launcher Type: SUN_STANDARD

Environment Variables:
JAVA_HOME=/usr/local/java/jdk1.7.0_65
PATH=/usr/local/sbin:/usr/local/bin:/usr/sbin:/usr/bin:/sbin:/bin:/usr/games:/usr/local/games:/home/vazeer/bin:/usr/local/java/jdk1.7.0_65/bin
LD_LIBRARY_PATH=/usr/local/java/jdk1.7.0_65/jre/lib/i386/server:/usr/local/java/jdk1.7.0_65/jre/lib/i386:/usr/local/java/jdk1.7.0_65/jre/../lib/i386:/usr/lib/jvm/java-7-openjdk-i386/jre/lib/i386/client:/usr/lib/jvm/java-7-openjdk-i386/jre/lib/i386:
SHELL=/bin/bash
DISPLAY=:0.0

Signal Handlers:
SIGSEGV: [libjvm.so+0x7e7680], sa_mask[0]=0x7ffbfeff, sa_flags=0x10000004
SIGBUS: [libjvm.so+0x7e7680], sa_mask[0]=0x7ffbfeff, sa_flags=0x10000004
SIGFPE: [libjvm.so+0x6818a0], sa_mask[0]=0x7ffbfeff, sa_flags=0x10000004
SIGPIPE: [libjvm.so+0x6818a0], sa_mask[0]=0x7ffbfeff, sa_flags=0x10000004
SIGXFSZ: [libjvm.so+0x6818a0], sa_mask[0]=0x7ffbfeff, sa_flags=0x10000004
SIGILL: [libjvm.so+0x6818a0], sa_mask[0]=0x7ffbfeff, sa_flags=0x10000004
SIGUSR1: SIG_DFL, sa_mask[0]=0x00000000, sa_flags=0x00000000
SIGUSR2: [libjvm.so+0x6830a0], sa_mask[0]=0x00000004, sa_flags=0x10000004
SIGHUP: [libjvm.so+0x6843a0], sa_mask[0]=0x7ffbfeff, sa_flags=0x10000004
SIGINT: [libjvm.so+0x6843a0], sa_mask[0]=0x7ffbfeff, sa_flags=0x10000004
SIGTERM: [libjvm.so+0x6843a0], sa_mask[0]=0x7ffbfeff, sa_flags=0x10000004
SIGQUIT: [libjvm.so+0x6843a0], sa_mask[0]=0x7ffbfeff, sa_flags=0x10000004


---------------  S Y S T E M  ---------------

OS:jessie/sid

uname:Linux 3.13.0-37-generic #64-Ubuntu SMP Mon Sep 22 21:30:01 UTC 2014 i686
libc:glibc 2.19 NPTL 2.19 
rlimit: STACK 8192k, CORE 0k, NPROC 31426, NOFILE 4096, AS infinity
load average:31.48 32.65 16.90

/proc/meminfo:
MemTotal:        4041804 kB
MemFree:          237092 kB
Buffers:            5416 kB
Cached:           570604 kB
SwapCached:       117244 kB
Active:          2659088 kB
Inactive:         997452 kB
Active(anon):    2623492 kB
Inactive(anon):   922124 kB
Active(file):      35596 kB
Inactive(file):    75328 kB
Unevictable:          48 kB
Mlocked:              48 kB
HighTotal:       3189604 kB
HighFree:          45128 kB
LowTotal:         852200 kB
LowFree:          191964 kB
SwapTotal:       2001916 kB
SwapFree:           1596 kB
Dirty:               212 kB
Writeback:             0 kB
AnonPages:       2964340 kB
Mapped:           185420 kB
Shmem:            465100 kB
Slab:              50396 kB
SReclaimable:      21528 kB
SUnreclaim:        28868 kB
KernelStack:        6656 kB
PageTables:        35760 kB
NFS_Unstable:          0 kB
Bounce:                0 kB
WritebackTmp:          0 kB
CommitLimit:     4022816 kB
Committed_AS:   13350240 kB
VmallocTotal:     122880 kB
VmallocUsed:       19340 kB
VmallocChunk:      99184 kB
HardwareCorrupted:     0 kB
AnonHugePages:    616448 kB
HugePages_Total:       0
HugePages_Free:        0
HugePages_Rsvd:        0
HugePages_Surp:        0
Hugepagesize:       2048 kB
DirectMap4k:       32760 kB
DirectMap2M:      878592 kB


CPU:total 4 (2 cores per cpu, 2 threads per core) family 6 model 42 stepping 7, cmov, cx8, fxsr, mmx, sse, sse2, sse3, ssse3, sse4.1, sse4.2, popcnt, avx, ht, tsc, tscinvbit

/proc/cpuinfo:
processor	: 0
vendor_id	: GenuineIntel
cpu family	: 6
model		: 42
model name	: Intel(R) Core(TM) i3-2100 CPU @ 3.10GHz
stepping	: 7
microcode	: 0x14
cpu MHz		: 1600.000
cache size	: 3072 KB
physical id	: 0
siblings	: 4
core id		: 0
cpu cores	: 2
apicid		: 0
initial apicid	: 0
fdiv_bug	: no
f00f_bug	: no
coma_bug	: no
fpu		: yes
fpu_exception	: yes
cpuid level	: 13
wp		: yes
flags		: fpu vme de pse tsc msr pae mce cx8 apic sep mtrr pge mca cmov pat pse36 clflush dts acpi mmx fxsr sse sse2 ss ht tm pbe nx rdtscp lm constant_tsc arch_perfmon pebs bts xtopology nonstop_tsc aperfmperf eagerfpu pni pclmulqdq dtes64 monitor ds_cpl vmx est tm2 ssse3 cx16 xtpr pdcm pcid sse4_1 sse4_2 popcnt tsc_deadline_timer xsave avx lahf_lm arat epb xsaveopt pln pts dtherm tpr_shadow vnmi flexpriority ept vpid
bogomips	: 6186.02
clflush size	: 64
cache_alignment	: 64
address sizes	: 36 bits physical, 48 bits virtual
power management:

processor	: 1
vendor_id	: GenuineIntel
cpu family	: 6
model		: 42
model name	: Intel(R) Core(TM) i3-2100 CPU @ 3.10GHz
stepping	: 7
microcode	: 0x14
cpu MHz		: 3100.000
cache size	: 3072 KB
physical id	: 0
siblings	: 4
core id		: 1
cpu cores	: 2
apicid		: 2
initial apicid	: 2
fdiv_bug	: no
f00f_bug	: no
coma_bug	: no
fpu		: yes
fpu_exception	: yes
cpuid level	: 13
wp		: yes
flags		: fpu vme de pse tsc msr pae mce cx8 apic sep mtrr pge mca cmov pat pse36 clflush dts acpi mmx fxsr sse sse2 ss ht tm pbe nx rdtscp lm constant_tsc arch_perfmon pebs bts xtopology nonstop_tsc aperfmperf eagerfpu pni pclmulqdq dtes64 monitor ds_cpl vmx est tm2 ssse3 cx16 xtpr pdcm pcid sse4_1 sse4_2 popcnt tsc_deadline_timer xsave avx lahf_lm arat epb xsaveopt pln pts dtherm tpr_shadow vnmi flexpriority ept vpid
bogomips	: 6186.02
clflush size	: 64
cache_alignment	: 64
address sizes	: 36 bits physical, 48 bits virtual
power management:

processor	: 2
vendor_id	: GenuineIntel
cpu family	: 6
model		: 42
model name	: Intel(R) Core(TM) i3-2100 CPU @ 3.10GHz
stepping	: 7
microcode	: 0x14
cpu MHz		: 1600.000
cache size	: 3072 KB
physical id	: 0
siblings	: 4
core id		: 0
cpu cores	: 2
apicid		: 1
initial apicid	: 1
fdiv_bug	: no
f00f_bug	: no
coma_bug	: no
fpu		: yes
fpu_exception	: yes
cpuid level	: 13
wp		: yes
flags		: fpu vme de pse tsc msr pae mce cx8 apic sep mtrr pge mca cmov pat pse36 clflush dts acpi mmx fxsr sse sse2 ss ht tm pbe nx rdtscp lm constant_tsc arch_perfmon pebs bts xtopology nonstop_tsc aperfmperf eagerfpu pni pclmulqdq dtes64 monitor ds_cpl vmx est tm2 ssse3 cx16 xtpr pdcm pcid sse4_1 sse4_2 popcnt tsc_deadline_timer xsave avx lahf_lm arat epb xsaveopt pln pts dtherm tpr_shadow vnmi flexpriority ept vpid
bogomips	: 6186.02
clflush size	: 64
cache_alignment	: 64
address sizes	: 36 bits physical, 48 bits virtual
power management:

processor	: 3
vendor_id	: GenuineIntel
cpu family	: 6
model		: 42
model name	: Intel(R) Core(TM) i3-2100 CPU @ 3.10GHz
stepping	: 7
microcode	: 0x14
cpu MHz		: 3100.000
cache size	: 3072 KB
physical id	: 0
siblings	: 4
core id		: 1
cpu cores	: 2
apicid		: 3
initial apicid	: 3
fdiv_bug	: no
f00f_bug	: no
coma_bug	: no
fpu		: yes
fpu_exception	: yes
cpuid level	: 13
wp		: yes
flags		: fpu vme de pse tsc msr pae mce cx8 apic sep mtrr pge mca cmov pat pse36 clflush dts acpi mmx fxsr sse sse2 ss ht tm pbe nx rdtscp lm constant_tsc arch_perfmon pebs bts xtopology nonstop_tsc aperfmperf eagerfpu pni pclmulqdq dtes64 monitor ds_cpl vmx est tm2 ssse3 cx16 xtpr pdcm pcid sse4_1 sse4_2 popcnt tsc_deadline_timer xsave avx lahf_lm arat epb xsaveopt pln pts dtherm tpr_shadow vnmi flexpriority ept vpid
bogomips	: 6186.02
clflush size	: 64
cache_alignment	: 64
address sizes	: 36 bits physical, 48 bits virtual
power management:



Memory: 4k page, physical 4041804k(237092k free), swap 2001916k(1596k free)

vm_info: Java HotSpot(TM) Server VM (24.65-b04) for linux-x86 JRE (1.7.0_65-b17), built on Jun 16 2014 20:30:14 by "java_re" with gcc 4.3.0 20080428 (Red Hat 4.3.0-8)

time: Thu Jan 22 11:09:13 2015
elapsed time: 443 seconds

